2021-05-14 10:24:11.737 [http-nio-8080-exec-1] [:] DEBUG druid.sql.Statement - {conn-10005, pstmt-20000} created. insert into orderinfo (orderSn,orderTime,orderStatus,userId,price)
		values(
			?,now(),?,?,?
		) 
2021-05-14 10:24:12.339 [http-nio-8080-exec-1] [:] DEBUG druid.sql.Statement - {conn-10005, stmt-20001} created 
2021-05-14 10:24:12.413 [http-nio-8080-exec-1] [:] DEBUG druid.sql.Statement - {conn-10005, stmt-20001, rs-50000} query executed. 47.3693 millis. SELECT * FROM orderinfo LIMIT 1 
2021-05-14 10:24:12.452 [http-nio-8080-exec-1] [:] DEBUG druid.sql.Statement - {conn-10005, stmt-20001} closed 
2021-05-14 10:24:12.464 [http-nio-8080-exec-1] [:] DEBUG druid.sql.Statement - {conn-10005, pstmt-20000} Parameters : [20210514102411445, 0, 8, 100] 
2021-05-14 10:24:12.464 [http-nio-8080-exec-1] [:] DEBUG druid.sql.Statement - {conn-10005, pstmt-20000} Types : [VARCHAR, INTEGER, INTEGER, DECIMAL] 
2021-05-14 10:24:12.467 [http-nio-8080-exec-1] [:] DEBUG druid.sql.Statement - {conn-10005, pstmt-20000} executed. 3.2747 millis. insert into orderinfo (orderSn,orderTime,orderStatus,userId,price)
		values(
			?,now(),?,?,?
		) 
2021-05-14 10:24:12.602 [http-nio-8080-exec-1] [:] DEBUG druid.sql.Statement - {conn-10005, pstmt-20002} created. SELECT * FROM orderinfo WHERE (orderId) in ( (?) ) 
2021-05-14 10:24:12.607 [http-nio-8080-exec-1] [:] DEBUG druid.sql.Statement - {conn-10005, pstmt-20002} Parameters : [22] 
2021-05-14 10:24:12.607 [http-nio-8080-exec-1] [:] DEBUG druid.sql.Statement - {conn-10005, pstmt-20002} Types : [BIGINT] 
2021-05-14 10:24:12.610 [http-nio-8080-exec-1] [:] DEBUG druid.sql.Statement - {conn-10005, pstmt-20002, rs-50002} query executed. 4.3243 millis. SELECT * FROM orderinfo WHERE (orderId) in ( (?) ) 
2021-05-14 10:24:12.631 [http-nio-8080-exec-1] [:] DEBUG druid.sql.Statement - {conn-10005, pstmt-20003} created. SELECT * FROM orderinfo WHERE (orderId) in ( (?) ) 
2021-05-14 10:24:12.631 [http-nio-8080-exec-1] [:] DEBUG druid.sql.Statement - {conn-10005, pstmt-20003} Parameters : [22] 
2021-05-14 10:24:12.631 [http-nio-8080-exec-1] [:] DEBUG druid.sql.Statement - {conn-10005, pstmt-20003} Types : [BIGINT] 
2021-05-14 10:24:12.633 [http-nio-8080-exec-1] [:] DEBUG druid.sql.Statement - {conn-10005, pstmt-20003, rs-50003} query executed. 1.914 millis. SELECT * FROM orderinfo WHERE (orderId) in ( (?) ) 
2021-05-14 10:24:12.836 [http-nio-8080-exec-1] [:] DEBUG druid.sql.Statement - {conn-10005, stmt-20004} created 
2021-05-14 10:24:12.840 [http-nio-8080-exec-1] [:] DEBUG druid.sql.Statement - {conn-10005, stmt-20004, rs-50004} query executed. 3.6923 millis. SELECT * FROM undo_log LIMIT 1 
2021-05-14 10:24:12.850 [http-nio-8080-exec-1] [:] DEBUG druid.sql.Statement - {conn-10005, stmt-20004} closed 
2021-05-14 10:24:12.853 [http-nio-8080-exec-1] [:] DEBUG druid.sql.Statement - {conn-10005, pstmt-20005} created. INSERT INTO undo_log (branch_id, xid, context, rollback_info, log_status, log_created, log_modified) VALUES (?, ?, ?, ?, ?, now(6), now(6)) 
2021-05-14 10:24:12.860 [http-nio-8080-exec-1] [:] DEBUG druid.sql.Statement - {conn-10005, pstmt-20005} Parameters : [136414702242635776, 192.168.5.2:8091:136414697138167808, serializer=jackson, javax.sql.rowset.serial.SerialBlob@5d6f9a7c, 0] 
2021-05-14 10:24:12.860 [http-nio-8080-exec-1] [:] DEBUG druid.sql.Statement - {conn-10005, pstmt-20005} Types : [BIGINT, VARCHAR, VARCHAR, BLOB, INTEGER] 
2021-05-14 10:24:12.862 [http-nio-8080-exec-1] [:] DEBUG druid.sql.Statement - {conn-10005, pstmt-20005} update executed. effort 1. 2.3325 millis. INSERT INTO undo_log (branch_id, xid, context, rollback_info, log_status, log_created, log_modified) VALUES (?, ?, ?, ?, ?, now(6), now(6)) 
2021-05-14 10:24:12.866 [http-nio-8080-exec-1] [:] DEBUG druid.sql.Statement - {conn-10005, pstmt-20006} created. SELECT * FROM undo_log WHERE (id) in ( (?) ) 
2021-05-14 10:24:12.866 [http-nio-8080-exec-1] [:] DEBUG druid.sql.Statement - {conn-10005, pstmt-20006} Parameters : [9] 
2021-05-14 10:24:12.866 [http-nio-8080-exec-1] [:] DEBUG druid.sql.Statement - {conn-10005, pstmt-20006} Types : [INTEGER] 
2021-05-14 10:24:12.867 [http-nio-8080-exec-1] [:] DEBUG druid.sql.Statement - {conn-10005, pstmt-20006, rs-50006} query executed. 1.4221 millis. SELECT * FROM undo_log WHERE (id) in ( (?) ) 
2021-05-14 10:24:12.868 [http-nio-8080-exec-1] [:] DEBUG druid.sql.Statement - {conn-10005, pstmt-20005} clearParameters.  
2021-05-14 10:24:12.888 [http-nio-8080-exec-1] [:] DEBUG druid.sql.Statement - {conn-10005, pstmt-20007} created. INSERT INTO undo_log (branch_id, xid, context, rollback_info, log_status, log_created, log_modified) VALUES (?, ?, ?, ?, ?, now(6), now(6)) 
2021-05-14 10:24:12.888 [http-nio-8080-exec-1] [:] DEBUG druid.sql.Statement - {conn-10005, pstmt-20007} Parameters : [136414703215714304, 192.168.5.2:8091:136414697138167808, serializer=jackson, javax.sql.rowset.serial.SerialBlob@9dcaa39, 0] 
2021-05-14 10:24:12.888 [http-nio-8080-exec-1] [:] DEBUG druid.sql.Statement - {conn-10005, pstmt-20007} Types : [BIGINT, VARCHAR, VARCHAR, BLOB, INTEGER] 
2021-05-14 10:24:12.890 [http-nio-8080-exec-1] [:] DEBUG druid.sql.Statement - {conn-10005, pstmt-20007} update executed. effort 1. 2.3325 millis. INSERT INTO undo_log (branch_id, xid, context, rollback_info, log_status, log_created, log_modified) VALUES (?, ?, ?, ?, ?, now(6), now(6)) 
2021-05-14 10:24:12.891 [http-nio-8080-exec-1] [:] DEBUG druid.sql.Statement - {conn-10005, pstmt-20007} clearParameters.  
2021-05-14 10:24:12.915 [http-nio-8080-exec-1] [:] DEBUG druid.sql.Statement - {conn-10005, pstmt-20000} clearParameters.  
2021-05-14 10:24:12.916 [http-nio-8080-exec-1] [:] DEBUG druid.sql.Statement - {conn-10005, pstmt-20002} clearParameters.  
2021-05-14 10:24:12.916 [http-nio-8080-exec-1] [:] DEBUG druid.sql.Statement - {conn-10005, pstmt-20003} clearParameters.  
2021-05-14 10:24:12.917 [http-nio-8080-exec-1] [:] DEBUG druid.sql.Statement - {conn-10005, pstmt-20002} closed 
2021-05-14 10:24:12.917 [http-nio-8080-exec-1] [:] DEBUG druid.sql.Statement - {conn-10005, pstmt-20006} clearParameters.  
2021-05-14 10:24:12.943 [rpcDispatch_RMROLE_1_1_16] [:] DEBUG druid.sql.Statement - {conn-10005, pstmt-20008} created. SELECT * FROM undo_log WHERE branch_id = ? AND xid = ? FOR UPDATE 
2021-05-14 10:24:12.944 [rpcDispatch_RMROLE_1_1_16] [:] DEBUG druid.sql.Statement - {conn-10005, pstmt-20008} Parameters : [136414703215714304, 192.168.5.2:8091:136414697138167808] 
2021-05-14 10:24:12.944 [rpcDispatch_RMROLE_1_1_16] [:] DEBUG druid.sql.Statement - {conn-10005, pstmt-20008} Types : [BIGINT, VARCHAR] 
2021-05-14 10:24:12.946 [rpcDispatch_RMROLE_1_1_16] [:] DEBUG druid.sql.Statement - {conn-10005, pstmt-20008, rs-50007} query executed. 2.0519 millis. SELECT * FROM undo_log WHERE branch_id = ? AND xid = ? FOR UPDATE 
2021-05-14 10:24:13.153 [rpcDispatch_RMROLE_1_1_16] [:] DEBUG druid.sql.Statement - {conn-10005, pstmt-20009} created. SELECT * FROM undo_log WHERE (id) in ( (?) ) FOR UPDATE 
2021-05-14 10:24:13.153 [rpcDispatch_RMROLE_1_1_16] [:] DEBUG druid.sql.Statement - {conn-10005, pstmt-20009} Parameters : [9] 
2021-05-14 10:24:13.153 [rpcDispatch_RMROLE_1_1_16] [:] DEBUG druid.sql.Statement - {conn-10005, pstmt-20009} Types : [INTEGER] 
2021-05-14 10:24:13.155 [rpcDispatch_RMROLE_1_1_16] [:] DEBUG druid.sql.Statement - {conn-10005, pstmt-20009, rs-50008} query executed. 1.8696 millis. SELECT * FROM undo_log WHERE (id) in ( (?) ) FOR UPDATE 
2021-05-14 10:24:13.155 [rpcDispatch_RMROLE_1_1_16] [:] DEBUG druid.sql.Statement - {conn-10005, pstmt-20009} clearParameters.  
2021-05-14 10:24:13.166 [rpcDispatch_RMROLE_1_1_16] [:] DEBUG druid.sql.Statement - {conn-10005, pstmt-20010} created. DELETE FROM undo_log WHERE id = ?   
2021-05-14 10:24:13.167 [rpcDispatch_RMROLE_1_1_16] [:] DEBUG druid.sql.Statement - {conn-10005, pstmt-20010} Parameters : [9] 
2021-05-14 10:24:13.167 [rpcDispatch_RMROLE_1_1_16] [:] DEBUG druid.sql.Statement - {conn-10005, pstmt-20010} Types : [INTEGER] 
2021-05-14 10:24:13.168 [rpcDispatch_RMROLE_1_1_16] [:] DEBUG druid.sql.Statement - {conn-10005, pstmt-20010} update executed. effort 1. 0.8442 millis. DELETE FROM undo_log WHERE id = ?   
2021-05-14 10:24:13.169 [rpcDispatch_RMROLE_1_1_16] [:] DEBUG druid.sql.Statement - {conn-10005, pstmt-20011} created. SELECT * FROM orderinfo WHERE (orderId) in ( (?) ) FOR UPDATE 
2021-05-14 10:24:13.170 [rpcDispatch_RMROLE_1_1_16] [:] DEBUG druid.sql.Statement - {conn-10005, pstmt-20011} Parameters : [22] 
2021-05-14 10:24:13.170 [rpcDispatch_RMROLE_1_1_16] [:] DEBUG druid.sql.Statement - {conn-10005, pstmt-20011} Types : [BIGINT] 
2021-05-14 10:24:13.171 [rpcDispatch_RMROLE_1_1_16] [:] DEBUG druid.sql.Statement - {conn-10005, pstmt-20011, rs-50009} query executed. 1.3183 millis. SELECT * FROM orderinfo WHERE (orderId) in ( (?) ) FOR UPDATE 
2021-05-14 10:24:13.172 [rpcDispatch_RMROLE_1_1_16] [:] DEBUG druid.sql.Statement - {conn-10005, pstmt-20011} clearParameters.  
2021-05-14 10:24:13.173 [rpcDispatch_RMROLE_1_1_16] [:] DEBUG druid.sql.Statement - {conn-10005, pstmt-20012} created. DELETE FROM orderinfo WHERE orderId = ?   
2021-05-14 10:24:13.174 [rpcDispatch_RMROLE_1_1_16] [:] DEBUG druid.sql.Statement - {conn-10005, pstmt-20012} Parameters : [22] 
2021-05-14 10:24:13.174 [rpcDispatch_RMROLE_1_1_16] [:] DEBUG druid.sql.Statement - {conn-10005, pstmt-20012} Types : [BIGINT] 
2021-05-14 10:24:13.175 [rpcDispatch_RMROLE_1_1_16] [:] DEBUG druid.sql.Statement - {conn-10005, pstmt-20012} update executed. effort 1. 1.2843 millis. DELETE FROM orderinfo WHERE orderId = ?   
2021-05-14 10:24:13.177 [rpcDispatch_RMROLE_1_1_16] [:] DEBUG druid.sql.Statement - {conn-10005, pstmt-20013} created. DELETE FROM undo_log WHERE branch_id = ? AND xid = ? 
2021-05-14 10:24:13.177 [rpcDispatch_RMROLE_1_1_16] [:] DEBUG druid.sql.Statement - {conn-10005, pstmt-20013} Parameters : [136414703215714304, 192.168.5.2:8091:136414697138167808] 
2021-05-14 10:24:13.177 [rpcDispatch_RMROLE_1_1_16] [:] DEBUG druid.sql.Statement - {conn-10005, pstmt-20013} Types : [BIGINT, VARCHAR] 
2021-05-14 10:24:13.178 [rpcDispatch_RMROLE_1_1_16] [:] DEBUG druid.sql.Statement - {conn-10005, pstmt-20013} update executed. effort 1. 0.7999 millis. DELETE FROM undo_log WHERE branch_id = ? AND xid = ? 
2021-05-14 10:24:13.178 [rpcDispatch_RMROLE_1_1_16] [:] DEBUG druid.sql.Statement - {conn-10005, pstmt-20013} clearParameters.  
2021-05-14 10:24:13.181 [rpcDispatch_RMROLE_1_1_16] [:] DEBUG druid.sql.Statement - {conn-10005, pstmt-20008} clearParameters.  
2021-05-14 10:24:13.181 [rpcDispatch_RMROLE_1_1_16] [:] DEBUG druid.sql.Statement - {conn-10005, pstmt-20010} clearParameters.  
2021-05-14 10:24:13.181 [rpcDispatch_RMROLE_1_1_16] [:] DEBUG druid.sql.Statement - {conn-10005, pstmt-20012} clearParameters.  
2021-05-14 10:24:13.181 [rpcDispatch_RMROLE_1_1_16] [:] DEBUG druid.sql.Statement - {conn-10005, pstmt-20005} closed 
2021-05-14 10:24:13.190 [rpcDispatch_RMROLE_1_2_16] [:] DEBUG druid.sql.Statement - {conn-10005, pstmt-20008} Parameters : [136414702242635776, 192.168.5.2:8091:136414697138167808] 
2021-05-14 10:24:13.190 [rpcDispatch_RMROLE_1_2_16] [:] DEBUG druid.sql.Statement - {conn-10005, pstmt-20008} Types : [BIGINT, VARCHAR] 
2021-05-14 10:24:13.192 [rpcDispatch_RMROLE_1_2_16] [:] DEBUG druid.sql.Statement - {conn-10005, pstmt-20008, rs-50010} query executed. 1.7339 millis. SELECT * FROM undo_log WHERE branch_id = ? AND xid = ? FOR UPDATE 
2021-05-14 10:24:13.194 [rpcDispatch_RMROLE_1_2_16] [:] DEBUG druid.sql.Statement - {conn-10005, pstmt-20007} Parameters : [136414702242635776, 192.168.5.2:8091:136414697138167808, serializer=jackson, javax.sql.rowset.serial.SerialBlob@484b02, 1] 
2021-05-14 10:24:13.194 [rpcDispatch_RMROLE_1_2_16] [:] DEBUG druid.sql.Statement - {conn-10005, pstmt-20007} Types : [BIGINT, VARCHAR, VARCHAR, BLOB, INTEGER] 
2021-05-14 10:24:13.195 [rpcDispatch_RMROLE_1_2_16] [:] DEBUG druid.sql.Statement - {conn-10005, pstmt-20007} update executed. effort 1. 1.4196 millis. INSERT INTO undo_log (branch_id, xid, context, rollback_info, log_status, log_created, log_modified) VALUES (?, ?, ?, ?, ?, now(6), now(6)) 
2021-05-14 10:24:13.195 [rpcDispatch_RMROLE_1_2_16] [:] DEBUG druid.sql.Statement - {conn-10005, pstmt-20007} clearParameters.  
2021-05-14 10:24:13.197 [rpcDispatch_RMROLE_1_2_16] [:] DEBUG druid.sql.Statement - {conn-10005, pstmt-20008} clearParameters.  
2021-05-14 10:25:44.591 [http-nio-8080-exec-2] [:] DEBUG druid.sql.Statement - {conn-10006, pstmt-20014} created. insert into orderinfo (orderSn,orderTime,orderStatus,userId,price)
		values(
			?,now(),?,?,?
		) 
2021-05-14 10:25:44.594 [http-nio-8080-exec-2] [:] DEBUG druid.sql.Statement - {conn-10006, pstmt-20014} Parameters : [20210514102544177, 0, 8, 100] 
2021-05-14 10:25:44.594 [http-nio-8080-exec-2] [:] DEBUG druid.sql.Statement - {conn-10006, pstmt-20014} Types : [VARCHAR, INTEGER, INTEGER, DECIMAL] 
2021-05-14 10:25:44.596 [http-nio-8080-exec-2] [:] DEBUG druid.sql.Statement - {conn-10006, pstmt-20014} executed. 1.8387 millis. insert into orderinfo (orderSn,orderTime,orderStatus,userId,price)
		values(
			?,now(),?,?,?
		) 
2021-05-14 10:25:44.599 [http-nio-8080-exec-2] [:] DEBUG druid.sql.Statement - {conn-10006, pstmt-20015} created. SELECT * FROM orderinfo WHERE (orderId) in ( (?) ) 
2021-05-14 10:25:44.600 [http-nio-8080-exec-2] [:] DEBUG druid.sql.Statement - {conn-10006, pstmt-20015} Parameters : [23] 
2021-05-14 10:25:44.600 [http-nio-8080-exec-2] [:] DEBUG druid.sql.Statement - {conn-10006, pstmt-20015} Types : [BIGINT] 
2021-05-14 10:25:44.601 [http-nio-8080-exec-2] [:] DEBUG druid.sql.Statement - {conn-10006, pstmt-20015, rs-50012} query executed. 1.4546 millis. SELECT * FROM orderinfo WHERE (orderId) in ( (?) ) 
2021-05-14 10:25:44.603 [http-nio-8080-exec-2] [:] DEBUG druid.sql.Statement - {conn-10006, pstmt-20016} created. SELECT * FROM orderinfo WHERE (orderId) in ( (?) ) 
2021-05-14 10:25:44.603 [http-nio-8080-exec-2] [:] DEBUG druid.sql.Statement - {conn-10006, pstmt-20016} Parameters : [23] 
2021-05-14 10:25:44.603 [http-nio-8080-exec-2] [:] DEBUG druid.sql.Statement - {conn-10006, pstmt-20016} Types : [BIGINT] 
2021-05-14 10:25:44.605 [http-nio-8080-exec-2] [:] DEBUG druid.sql.Statement - {conn-10006, pstmt-20016, rs-50013} query executed. 1.5178 millis. SELECT * FROM orderinfo WHERE (orderId) in ( (?) ) 
2021-05-14 10:25:44.610 [http-nio-8080-exec-2] [:] DEBUG druid.sql.Statement - {conn-10006, pstmt-20017} created. INSERT INTO undo_log (branch_id, xid, context, rollback_info, log_status, log_created, log_modified) VALUES (?, ?, ?, ?, ?, now(6), now(6)) 
2021-05-14 10:25:44.612 [http-nio-8080-exec-2] [:] DEBUG druid.sql.Statement - {conn-10006, pstmt-20017} Parameters : [136415087984386048, 192.168.5.2:8091:136415086172446720, serializer=jackson, javax.sql.rowset.serial.SerialBlob@cc9c1605, 0] 
2021-05-14 10:25:44.612 [http-nio-8080-exec-2] [:] DEBUG druid.sql.Statement - {conn-10006, pstmt-20017} Types : [BIGINT, VARCHAR, VARCHAR, BLOB, INTEGER] 
2021-05-14 10:25:44.615 [http-nio-8080-exec-2] [:] DEBUG druid.sql.Statement - {conn-10006, pstmt-20017} update executed. effort 1. 3.2803 millis. INSERT INTO undo_log (branch_id, xid, context, rollback_info, log_status, log_created, log_modified) VALUES (?, ?, ?, ?, ?, now(6), now(6)) 
2021-05-14 10:25:44.616 [http-nio-8080-exec-2] [:] DEBUG druid.sql.Statement - {conn-10006, pstmt-20018} created. SELECT * FROM undo_log WHERE (id) in ( (?) ) 
2021-05-14 10:25:44.617 [http-nio-8080-exec-2] [:] DEBUG druid.sql.Statement - {conn-10006, pstmt-20018} Parameters : [12] 
2021-05-14 10:25:44.617 [http-nio-8080-exec-2] [:] DEBUG druid.sql.Statement - {conn-10006, pstmt-20018} Types : [INTEGER] 
2021-05-14 10:25:44.618 [http-nio-8080-exec-2] [:] DEBUG druid.sql.Statement - {conn-10006, pstmt-20018, rs-50015} query executed. 1.0423 millis. SELECT * FROM undo_log WHERE (id) in ( (?) ) 
2021-05-14 10:25:44.620 [http-nio-8080-exec-2] [:] DEBUG druid.sql.Statement - {conn-10006, pstmt-20017} clearParameters.  
2021-05-14 10:25:44.626 [http-nio-8080-exec-2] [:] DEBUG druid.sql.Statement - {conn-10006, pstmt-20019} created. INSERT INTO undo_log (branch_id, xid, context, rollback_info, log_status, log_created, log_modified) VALUES (?, ?, ?, ?, ?, now(6), now(6)) 
2021-05-14 10:25:44.627 [http-nio-8080-exec-2] [:] DEBUG druid.sql.Statement - {conn-10006, pstmt-20019} Parameters : [136415088047300608, 192.168.5.2:8091:136415086172446720, serializer=jackson, javax.sql.rowset.serial.SerialBlob@b5ea952e, 0] 
2021-05-14 10:25:44.627 [http-nio-8080-exec-2] [:] DEBUG druid.sql.Statement - {conn-10006, pstmt-20019} Types : [BIGINT, VARCHAR, VARCHAR, BLOB, INTEGER] 
2021-05-14 10:25:44.628 [http-nio-8080-exec-2] [:] DEBUG druid.sql.Statement - {conn-10006, pstmt-20019} update executed. effort 1. 1.8131 millis. INSERT INTO undo_log (branch_id, xid, context, rollback_info, log_status, log_created, log_modified) VALUES (?, ?, ?, ?, ?, now(6), now(6)) 
2021-05-14 10:25:44.629 [http-nio-8080-exec-2] [:] DEBUG druid.sql.Statement - {conn-10006, pstmt-20019} clearParameters.  
2021-05-14 10:25:44.632 [http-nio-8080-exec-2] [:] DEBUG druid.sql.Statement - {conn-10006, pstmt-20014} clearParameters.  
2021-05-14 10:25:44.633 [http-nio-8080-exec-2] [:] DEBUG druid.sql.Statement - {conn-10006, pstmt-20015} clearParameters.  
2021-05-14 10:25:44.633 [http-nio-8080-exec-2] [:] DEBUG druid.sql.Statement - {conn-10006, pstmt-20016} clearParameters.  
2021-05-14 10:25:44.633 [http-nio-8080-exec-2] [:] DEBUG druid.sql.Statement - {conn-10006, pstmt-20015} closed 
2021-05-14 10:25:44.633 [http-nio-8080-exec-2] [:] DEBUG druid.sql.Statement - {conn-10006, pstmt-20018} clearParameters.  
2021-05-14 10:25:44.697 [http-nio-8080-exec-2] [:] DEBUG druid.sql.Statement - {conn-110006, pstmt-120000} created. UPDATE goods SET
        stock = stock+?
        WHERE goodsId = ? 
2021-05-14 10:25:44.708 [http-nio-8080-exec-2] [:] DEBUG druid.sql.Statement - {conn-110006, stmt-120001} created 
2021-05-14 10:25:44.715 [http-nio-8080-exec-2] [:] DEBUG druid.sql.Statement - {conn-110006, stmt-120001, rs-150000} query executed. 6.4209 millis. SELECT * FROM goods LIMIT 1 
2021-05-14 10:25:44.723 [http-nio-8080-exec-2] [:] DEBUG druid.sql.Statement - {conn-110006, stmt-120001} closed 
2021-05-14 10:25:44.732 [http-nio-8080-exec-2] [:] DEBUG druid.sql.Statement - {conn-110006, pstmt-120002} created. SELECT goodsId, stock FROM goods WHERE goodsId = ? FOR UPDATE 
2021-05-14 10:25:44.733 [http-nio-8080-exec-2] [:] DEBUG druid.sql.Statement - {conn-110006, pstmt-120002} Parameters : [3] 
2021-05-14 10:25:44.733 [http-nio-8080-exec-2] [:] DEBUG druid.sql.Statement - {conn-110006, pstmt-120002} Types : [BIGINT] 
2021-05-14 10:25:44.734 [http-nio-8080-exec-2] [:] DEBUG druid.sql.Statement - {conn-110006, pstmt-120002, rs-150001} query executed. 1.447 millis. SELECT goodsId, stock FROM goods WHERE goodsId = ? FOR UPDATE 
2021-05-14 10:25:44.735 [http-nio-8080-exec-2] [:] DEBUG druid.sql.Statement - {conn-110006, pstmt-120002} clearParameters.  
2021-05-14 10:25:44.736 [http-nio-8080-exec-2] [:] DEBUG druid.sql.Statement - {conn-110006, stmt-120003} created 
2021-05-14 10:25:44.737 [http-nio-8080-exec-2] [:] DEBUG druid.sql.Statement - {conn-110006, stmt-120003, rs-150002} query executed. 1.1161 millis. SELECT * FROM goods LIMIT 1 
2021-05-14 10:25:44.743 [http-nio-8080-exec-2] [:] DEBUG druid.sql.Statement - {conn-110006, stmt-120003} closed 
2021-05-14 10:25:44.743 [http-nio-8080-exec-2] [:] DEBUG druid.sql.Statement - {conn-110006, pstmt-120002} Parameters : [3] 
2021-05-14 10:25:44.743 [http-nio-8080-exec-2] [:] DEBUG druid.sql.Statement - {conn-110006, pstmt-120002} Types : [BIGINT] 
2021-05-14 10:25:44.744 [http-nio-8080-exec-2] [:] DEBUG druid.sql.Statement - {conn-110006, pstmt-120002, rs-150003} query executed. 0.7117 millis. SELECT goodsId, stock FROM goods WHERE goodsId = ? FOR UPDATE 
2021-05-14 10:25:44.744 [http-nio-8080-exec-2] [:] DEBUG druid.sql.Statement - {conn-110006, pstmt-120002} clearParameters.  
2021-05-14 10:25:44.745 [http-nio-8080-exec-2] [:] DEBUG druid.sql.Statement - {conn-110006, pstmt-120000} Parameters : [-1, 3] 
2021-05-14 10:25:44.745 [http-nio-8080-exec-2] [:] DEBUG druid.sql.Statement - {conn-110006, pstmt-120000} Types : [INTEGER, BIGINT] 
2021-05-14 10:25:44.746 [http-nio-8080-exec-2] [:] DEBUG druid.sql.Statement - {conn-110006, pstmt-120000} executed. 1.4995 millis. UPDATE goods SET
        stock = stock+?
        WHERE goodsId = ? 
2021-05-14 10:25:44.749 [http-nio-8080-exec-2] [:] DEBUG druid.sql.Statement - {conn-110006, pstmt-120004} created. SELECT goodsId, stock FROM goods WHERE (goodsId) in ( (?) ) 
2021-05-14 10:25:44.749 [http-nio-8080-exec-2] [:] DEBUG druid.sql.Statement - {conn-110006, pstmt-120004} Parameters : [3] 
2021-05-14 10:25:44.749 [http-nio-8080-exec-2] [:] DEBUG druid.sql.Statement - {conn-110006, pstmt-120004} Types : [BIGINT] 
2021-05-14 10:25:44.751 [http-nio-8080-exec-2] [:] DEBUG druid.sql.Statement - {conn-110006, pstmt-120004, rs-150004} query executed. 1.4973 millis. SELECT goodsId, stock FROM goods WHERE (goodsId) in ( (?) ) 
2021-05-14 10:25:44.752 [http-nio-8080-exec-2] [:] DEBUG druid.sql.Statement - {conn-110006, pstmt-120004} clearParameters.  
2021-05-14 10:25:44.752 [http-nio-8080-exec-2] [:] DEBUG druid.sql.Statement - {conn-110006, pstmt-120004} Parameters : [3] 
2021-05-14 10:25:44.752 [http-nio-8080-exec-2] [:] DEBUG druid.sql.Statement - {conn-110006, pstmt-120004} Types : [BIGINT] 
2021-05-14 10:25:44.754 [http-nio-8080-exec-2] [:] DEBUG druid.sql.Statement - {conn-110006, pstmt-120004, rs-150005} query executed. 1.8485 millis. SELECT goodsId, stock FROM goods WHERE (goodsId) in ( (?) ) 
2021-05-14 10:25:44.755 [http-nio-8080-exec-2] [:] DEBUG druid.sql.Statement - {conn-110006, pstmt-120004} clearParameters.  
2021-05-14 10:25:44.765 [http-nio-8080-exec-2] [:] DEBUG druid.sql.Statement - {conn-110006, stmt-120005} created 
2021-05-14 10:25:44.768 [http-nio-8080-exec-2] [:] DEBUG druid.sql.Statement - {conn-110006, stmt-120005, rs-150006} query executed. 2.7005 millis. SELECT * FROM undo_log LIMIT 1 
2021-05-14 10:25:44.774 [http-nio-8080-exec-2] [:] DEBUG druid.sql.Statement - {conn-110006, stmt-120005} closed 
2021-05-14 10:25:44.775 [http-nio-8080-exec-2] [:] DEBUG druid.sql.Statement - {conn-110006, pstmt-120006} created. INSERT INTO undo_log (branch_id, xid, context, rollback_info, log_status, log_created, log_modified) VALUES (?, ?, ?, ?, ?, now(6), now(6)) 
2021-05-14 10:25:44.776 [http-nio-8080-exec-2] [:] DEBUG druid.sql.Statement - {conn-110006, pstmt-120006} Parameters : [136415088613531648, 192.168.5.2:8091:136415086172446720, serializer=jackson, javax.sql.rowset.serial.SerialBlob@ced50054, 0] 
2021-05-14 10:25:44.776 [http-nio-8080-exec-2] [:] DEBUG druid.sql.Statement - {conn-110006, pstmt-120006} Types : [BIGINT, VARCHAR, VARCHAR, BLOB, INTEGER] 
2021-05-14 10:25:44.777 [http-nio-8080-exec-2] [:] DEBUG druid.sql.Statement - {conn-110006, pstmt-120006} update executed. effort 1. 1.1192 millis. INSERT INTO undo_log (branch_id, xid, context, rollback_info, log_status, log_created, log_modified) VALUES (?, ?, ?, ?, ?, now(6), now(6)) 
2021-05-14 10:25:44.779 [http-nio-8080-exec-2] [:] DEBUG druid.sql.Statement - {conn-110006, pstmt-120007} created. SELECT * FROM undo_log WHERE (id) in ( (?) ) 
2021-05-14 10:25:44.779 [http-nio-8080-exec-2] [:] DEBUG druid.sql.Statement - {conn-110006, pstmt-120007} Parameters : [3] 
2021-05-14 10:25:44.779 [http-nio-8080-exec-2] [:] DEBUG druid.sql.Statement - {conn-110006, pstmt-120007} Types : [INTEGER] 
2021-05-14 10:25:44.782 [http-nio-8080-exec-2] [:] DEBUG druid.sql.Statement - {conn-110006, pstmt-120007, rs-150008} query executed. 2.6367 millis. SELECT * FROM undo_log WHERE (id) in ( (?) ) 
2021-05-14 10:25:44.783 [http-nio-8080-exec-2] [:] DEBUG druid.sql.Statement - {conn-110006, pstmt-120006} clearParameters.  
2021-05-14 10:25:44.794 [http-nio-8080-exec-2] [:] DEBUG druid.sql.Statement - {conn-110006, pstmt-120008} created. INSERT INTO undo_log (branch_id, xid, context, rollback_info, log_status, log_created, log_modified) VALUES (?, ?, ?, ?, ?, now(6), now(6)) 
2021-05-14 10:25:44.795 [http-nio-8080-exec-2] [:] DEBUG druid.sql.Statement - {conn-110006, pstmt-120008} Parameters : [136415088730972160, 192.168.5.2:8091:136415086172446720, serializer=jackson, javax.sql.rowset.serial.SerialBlob@103b1da2, 0] 
2021-05-14 10:25:44.795 [http-nio-8080-exec-2] [:] DEBUG druid.sql.Statement - {conn-110006, pstmt-120008} Types : [BIGINT, VARCHAR, VARCHAR, BLOB, INTEGER] 
2021-05-14 10:25:44.796 [http-nio-8080-exec-2] [:] DEBUG druid.sql.Statement - {conn-110006, pstmt-120008} update executed. effort 1. 1.4985 millis. INSERT INTO undo_log (branch_id, xid, context, rollback_info, log_status, log_created, log_modified) VALUES (?, ?, ?, ?, ?, now(6), now(6)) 
2021-05-14 10:25:44.797 [http-nio-8080-exec-2] [:] DEBUG druid.sql.Statement - {conn-110006, pstmt-120008} clearParameters.  
2021-05-14 10:25:44.800 [http-nio-8080-exec-2] [:] DEBUG druid.sql.Statement - {conn-110006, pstmt-120000} clearParameters.  
2021-05-14 10:25:44.800 [http-nio-8080-exec-2] [:] DEBUG druid.sql.Statement - {conn-110006, pstmt-120007} clearParameters.  
2021-05-14 10:25:46.054 [AsyncWorker_1_1] [:] DEBUG druid.sql.Statement - {conn-110006, pstmt-120009} created. DELETE FROM undo_log WHERE  branch_id IN  (?)  AND xid IN  (?)  
2021-05-14 10:25:46.055 [AsyncWorker_1_1] [:] DEBUG druid.sql.Statement - {conn-110006, pstmt-120009} Parameters : [136415088730972160, 192.168.5.2:8091:136415086172446720] 
2021-05-14 10:25:46.055 [AsyncWorker_1_1] [:] DEBUG druid.sql.Statement - {conn-110006, pstmt-120009} Types : [BIGINT, VARCHAR] 
2021-05-14 10:25:46.057 [AsyncWorker_1_1] [:] DEBUG druid.sql.Statement - {conn-110006, pstmt-120009} update executed. effort 1. 2.0199 millis. DELETE FROM undo_log WHERE  branch_id IN  (?)  AND xid IN  (?)  
2021-05-14 10:25:46.057 [AsyncWorker_1_1] [:] DEBUG druid.sql.Statement - {conn-110006, pstmt-120009} clearParameters.  
2021-05-14 10:25:46.058 [AsyncWorker_1_1] [:] DEBUG druid.sql.Statement - {conn-10006, pstmt-20020} created. DELETE FROM undo_log WHERE  branch_id IN  (?,?,?)  AND xid IN  (?)  
2021-05-14 10:25:46.058 [AsyncWorker_1_1] [:] DEBUG druid.sql.Statement - {conn-10006, pstmt-20020} Parameters : [136415087984386048, 136415088047300608, 136415088613531648, 192.168.5.2:8091:136415086172446720] 
2021-05-14 10:25:46.058 [AsyncWorker_1_1] [:] DEBUG druid.sql.Statement - {conn-10006, pstmt-20020} Types : [BIGINT, BIGINT, BIGINT, VARCHAR] 
2021-05-14 10:25:46.067 [AsyncWorker_1_1] [:] DEBUG druid.sql.Statement - {conn-10006, pstmt-20020} update executed. effort 2. 8.6489 millis. DELETE FROM undo_log WHERE  branch_id IN  (?,?,?)  AND xid IN  (?)  
2021-05-14 10:25:46.067 [AsyncWorker_1_1] [:] DEBUG druid.sql.Statement - {conn-10006, pstmt-20020} clearParameters.  
2021-05-14 10:27:08.896 [http-nio-8080-exec-1] [:] DEBUG druid.sql.Statement - {conn-10005, pstmt-20000} created. insert into orderinfo (orderSn,orderTime,orderStatus,userId,price)
		values(
			?,now(),?,?,?
		) 
2021-05-14 10:27:09.161 [http-nio-8080-exec-1] [:] DEBUG druid.sql.Statement - {conn-10005, stmt-20001} created 
2021-05-14 10:27:09.231 [http-nio-8080-exec-1] [:] DEBUG druid.sql.Statement - {conn-10005, stmt-20001, rs-50000} query executed. 45.8752 millis. SELECT * FROM orderinfo LIMIT 1 
2021-05-14 10:27:09.271 [http-nio-8080-exec-1] [:] DEBUG druid.sql.Statement - {conn-10005, stmt-20001} closed 
2021-05-14 10:27:09.280 [http-nio-8080-exec-1] [:] DEBUG druid.sql.Statement - {conn-10005, pstmt-20000} Parameters : [20210514102708635, 0, 8, 100] 
2021-05-14 10:27:09.281 [http-nio-8080-exec-1] [:] DEBUG druid.sql.Statement - {conn-10005, pstmt-20000} Types : [VARCHAR, INTEGER, INTEGER, DECIMAL] 
2021-05-14 10:27:09.283 [http-nio-8080-exec-1] [:] DEBUG druid.sql.Statement - {conn-10005, pstmt-20000} executed. 2.8539 millis. insert into orderinfo (orderSn,orderTime,orderStatus,userId,price)
		values(
			?,now(),?,?,?
		) 
2021-05-14 10:27:09.368 [http-nio-8080-exec-1] [:] DEBUG druid.sql.Statement - {conn-10005, pstmt-20002} created. SELECT * FROM orderinfo WHERE (orderId) in ( (?) ) 
2021-05-14 10:27:09.374 [http-nio-8080-exec-1] [:] DEBUG druid.sql.Statement - {conn-10005, pstmt-20002} Parameters : [24] 
2021-05-14 10:27:09.374 [http-nio-8080-exec-1] [:] DEBUG druid.sql.Statement - {conn-10005, pstmt-20002} Types : [BIGINT] 
2021-05-14 10:27:09.377 [http-nio-8080-exec-1] [:] DEBUG druid.sql.Statement - {conn-10005, pstmt-20002, rs-50002} query executed. 3.7466 millis. SELECT * FROM orderinfo WHERE (orderId) in ( (?) ) 
2021-05-14 10:27:09.383 [http-nio-8080-exec-1] [:] DEBUG druid.sql.Statement - {conn-10005, pstmt-20003} created. SELECT * FROM orderinfo WHERE (orderId) in ( (?) ) 
2021-05-14 10:27:09.383 [http-nio-8080-exec-1] [:] DEBUG druid.sql.Statement - {conn-10005, pstmt-20003} Parameters : [24] 
2021-05-14 10:27:09.383 [http-nio-8080-exec-1] [:] DEBUG druid.sql.Statement - {conn-10005, pstmt-20003} Types : [BIGINT] 
2021-05-14 10:27:09.387 [http-nio-8080-exec-1] [:] DEBUG druid.sql.Statement - {conn-10005, pstmt-20003, rs-50003} query executed. 3.0684 millis. SELECT * FROM orderinfo WHERE (orderId) in ( (?) ) 
2021-05-14 10:27:09.580 [http-nio-8080-exec-1] [:] DEBUG druid.sql.Statement - {conn-10005, stmt-20004} created 
2021-05-14 10:27:09.583 [http-nio-8080-exec-1] [:] DEBUG druid.sql.Statement - {conn-10005, stmt-20004, rs-50004} query executed. 2.479 millis. SELECT * FROM undo_log LIMIT 1 
2021-05-14 10:27:09.595 [http-nio-8080-exec-1] [:] DEBUG druid.sql.Statement - {conn-10005, stmt-20004} closed 
2021-05-14 10:27:09.598 [http-nio-8080-exec-1] [:] DEBUG druid.sql.Statement - {conn-10005, pstmt-20005} created. INSERT INTO undo_log (branch_id, xid, context, rollback_info, log_status, log_created, log_modified) VALUES (?, ?, ?, ?, ?, now(6), now(6)) 
2021-05-14 10:27:09.604 [http-nio-8080-exec-1] [:] DEBUG druid.sql.Statement - {conn-10005, pstmt-20005} Parameters : [136415443611033600, 192.168.5.2:8091:136415440368836608, serializer=jackson, javax.sql.rowset.serial.SerialBlob@7e8adeb6, 0] 
2021-05-14 10:27:09.604 [http-nio-8080-exec-1] [:] DEBUG druid.sql.Statement - {conn-10005, pstmt-20005} Types : [BIGINT, VARCHAR, VARCHAR, BLOB, INTEGER] 
2021-05-14 10:27:09.607 [http-nio-8080-exec-1] [:] DEBUG druid.sql.Statement - {conn-10005, pstmt-20005} update executed. effort 1. 3.7252 millis. INSERT INTO undo_log (branch_id, xid, context, rollback_info, log_status, log_created, log_modified) VALUES (?, ?, ?, ?, ?, now(6), now(6)) 
2021-05-14 10:27:09.610 [http-nio-8080-exec-1] [:] DEBUG druid.sql.Statement - {conn-10005, pstmt-20006} created. SELECT * FROM undo_log WHERE (id) in ( (?) ) 
2021-05-14 10:27:09.611 [http-nio-8080-exec-1] [:] DEBUG druid.sql.Statement - {conn-10005, pstmt-20006} Parameters : [14] 
2021-05-14 10:27:09.611 [http-nio-8080-exec-1] [:] DEBUG druid.sql.Statement - {conn-10005, pstmt-20006} Types : [INTEGER] 
2021-05-14 10:27:09.612 [http-nio-8080-exec-1] [:] DEBUG druid.sql.Statement - {conn-10005, pstmt-20006, rs-50006} query executed. 1.5578 millis. SELECT * FROM undo_log WHERE (id) in ( (?) ) 
2021-05-14 10:27:09.613 [http-nio-8080-exec-1] [:] DEBUG druid.sql.Statement - {conn-10005, pstmt-20005} clearParameters.  
2021-05-14 10:27:09.634 [http-nio-8080-exec-1] [:] DEBUG druid.sql.Statement - {conn-10005, pstmt-20007} created. INSERT INTO undo_log (branch_id, xid, context, rollback_info, log_status, log_created, log_modified) VALUES (?, ?, ?, ?, ?, now(6), now(6)) 
2021-05-14 10:27:09.635 [http-nio-8080-exec-1] [:] DEBUG druid.sql.Statement - {conn-10005, pstmt-20007} Parameters : [136415444546363392, 192.168.5.2:8091:136415440368836608, serializer=jackson, javax.sql.rowset.serial.SerialBlob@b6177977, 0] 
2021-05-14 10:27:09.635 [http-nio-8080-exec-1] [:] DEBUG druid.sql.Statement - {conn-10005, pstmt-20007} Types : [BIGINT, VARCHAR, VARCHAR, BLOB, INTEGER] 
2021-05-14 10:27:09.639 [http-nio-8080-exec-1] [:] DEBUG druid.sql.Statement - {conn-10005, pstmt-20007} update executed. effort 1. 3.608 millis. INSERT INTO undo_log (branch_id, xid, context, rollback_info, log_status, log_created, log_modified) VALUES (?, ?, ?, ?, ?, now(6), now(6)) 
2021-05-14 10:27:09.639 [http-nio-8080-exec-1] [:] DEBUG druid.sql.Statement - {conn-10005, pstmt-20007} clearParameters.  
2021-05-14 10:27:09.665 [http-nio-8080-exec-1] [:] DEBUG druid.sql.Statement - {conn-10005, pstmt-20000} clearParameters.  
2021-05-14 10:27:09.667 [http-nio-8080-exec-1] [:] DEBUG druid.sql.Statement - {conn-10005, pstmt-20002} clearParameters.  
2021-05-14 10:27:09.667 [http-nio-8080-exec-1] [:] DEBUG druid.sql.Statement - {conn-10005, pstmt-20003} clearParameters.  
2021-05-14 10:27:09.667 [http-nio-8080-exec-1] [:] DEBUG druid.sql.Statement - {conn-10005, pstmt-20002} closed 
2021-05-14 10:27:09.667 [http-nio-8080-exec-1] [:] DEBUG druid.sql.Statement - {conn-10005, pstmt-20006} clearParameters.  
2021-05-14 10:27:09.695 [http-nio-8080-exec-1] [:] DEBUG druid.sql.Statement - {conn-110005, pstmt-120000} created. UPDATE goods SET
        stock = stock+?
        WHERE goodsId = ? 
2021-05-14 10:27:09.700 [http-nio-8080-exec-1] [:] DEBUG druid.sql.Statement - {conn-110005, stmt-120001} created 
2021-05-14 10:27:09.702 [http-nio-8080-exec-1] [:] DEBUG druid.sql.Statement - {conn-110005, stmt-120001, rs-150000} query executed. 1.6555 millis. SELECT * FROM goods LIMIT 1 
2021-05-14 10:27:09.712 [http-nio-8080-exec-1] [:] DEBUG druid.sql.Statement - {conn-110005, stmt-120001} closed 
2021-05-14 10:27:09.722 [http-nio-8080-exec-1] [:] DEBUG druid.sql.Statement - {conn-110005, pstmt-120002} created. SELECT goodsId, stock FROM goods WHERE goodsId = ? FOR UPDATE 
2021-05-14 10:27:09.722 [http-nio-8080-exec-1] [:] DEBUG druid.sql.Statement - {conn-110005, pstmt-120002} Parameters : [3] 
2021-05-14 10:27:09.722 [http-nio-8080-exec-1] [:] DEBUG druid.sql.Statement - {conn-110005, pstmt-120002} Types : [BIGINT] 
2021-05-14 10:27:09.725 [http-nio-8080-exec-1] [:] DEBUG druid.sql.Statement - {conn-110005, pstmt-120002, rs-150001} query executed. 2.9852 millis. SELECT goodsId, stock FROM goods WHERE goodsId = ? FOR UPDATE 
2021-05-14 10:27:09.726 [http-nio-8080-exec-1] [:] DEBUG druid.sql.Statement - {conn-110005, pstmt-120002} clearParameters.  
2021-05-14 10:27:09.726 [http-nio-8080-exec-1] [:] DEBUG druid.sql.Statement - {conn-110005, stmt-120003} created 
2021-05-14 10:27:09.728 [http-nio-8080-exec-1] [:] DEBUG druid.sql.Statement - {conn-110005, stmt-120003, rs-150002} query executed. 1.3185 millis. SELECT * FROM goods LIMIT 1 
2021-05-14 10:27:09.735 [http-nio-8080-exec-1] [:] DEBUG druid.sql.Statement - {conn-110005, stmt-120003} closed 
2021-05-14 10:27:09.736 [http-nio-8080-exec-1] [:] DEBUG druid.sql.Statement - {conn-110005, pstmt-120002} Parameters : [3] 
2021-05-14 10:27:09.736 [http-nio-8080-exec-1] [:] DEBUG druid.sql.Statement - {conn-110005, pstmt-120002} Types : [BIGINT] 
2021-05-14 10:27:09.738 [http-nio-8080-exec-1] [:] DEBUG druid.sql.Statement - {conn-110005, pstmt-120002, rs-150003} query executed. 2.0132 millis. SELECT goodsId, stock FROM goods WHERE goodsId = ? FOR UPDATE 
2021-05-14 10:27:09.738 [http-nio-8080-exec-1] [:] DEBUG druid.sql.Statement - {conn-110005, pstmt-120002} clearParameters.  
2021-05-14 10:27:09.738 [http-nio-8080-exec-1] [:] DEBUG druid.sql.Statement - {conn-110005, pstmt-120000} Parameters : [-1, 3] 
2021-05-14 10:27:09.739 [http-nio-8080-exec-1] [:] DEBUG druid.sql.Statement - {conn-110005, pstmt-120000} Types : [INTEGER, BIGINT] 
2021-05-14 10:27:09.740 [http-nio-8080-exec-1] [:] DEBUG druid.sql.Statement - {conn-110005, pstmt-120000} executed. 2.4865 millis. UPDATE goods SET
        stock = stock+?
        WHERE goodsId = ? 
2021-05-14 10:27:09.742 [http-nio-8080-exec-1] [:] DEBUG druid.sql.Statement - {conn-110005, pstmt-120004} created. SELECT goodsId, stock FROM goods WHERE (goodsId) in ( (?) ) 
2021-05-14 10:27:09.742 [http-nio-8080-exec-1] [:] DEBUG druid.sql.Statement - {conn-110005, pstmt-120004} Parameters : [3] 
2021-05-14 10:27:09.742 [http-nio-8080-exec-1] [:] DEBUG druid.sql.Statement - {conn-110005, pstmt-120004} Types : [BIGINT] 
2021-05-14 10:27:09.743 [http-nio-8080-exec-1] [:] DEBUG druid.sql.Statement - {conn-110005, pstmt-120004, rs-150004} query executed. 0.861 millis. SELECT goodsId, stock FROM goods WHERE (goodsId) in ( (?) ) 
2021-05-14 10:27:09.743 [http-nio-8080-exec-1] [:] DEBUG druid.sql.Statement - {conn-110005, pstmt-120004} clearParameters.  
2021-05-14 10:27:09.744 [http-nio-8080-exec-1] [:] DEBUG druid.sql.Statement - {conn-110005, pstmt-120004} Parameters : [3] 
2021-05-14 10:27:09.744 [http-nio-8080-exec-1] [:] DEBUG druid.sql.Statement - {conn-110005, pstmt-120004} Types : [BIGINT] 
2021-05-14 10:27:09.744 [http-nio-8080-exec-1] [:] DEBUG druid.sql.Statement - {conn-110005, pstmt-120004, rs-150005} query executed. 0.6363 millis. SELECT goodsId, stock FROM goods WHERE (goodsId) in ( (?) ) 
2021-05-14 10:27:09.744 [http-nio-8080-exec-1] [:] DEBUG druid.sql.Statement - {conn-110005, pstmt-120004} clearParameters.  
2021-05-14 10:27:09.750 [http-nio-8080-exec-1] [:] DEBUG druid.sql.Statement - {conn-110005, stmt-120005} created 
2021-05-14 10:27:09.754 [http-nio-8080-exec-1] [:] DEBUG druid.sql.Statement - {conn-110005, stmt-120005, rs-150006} query executed. 3.4174 millis. SELECT * FROM undo_log LIMIT 1 
2021-05-14 10:27:09.762 [http-nio-8080-exec-1] [:] DEBUG druid.sql.Statement - {conn-110005, stmt-120005} closed 
2021-05-14 10:27:09.763 [http-nio-8080-exec-1] [:] DEBUG druid.sql.Statement - {conn-110005, pstmt-120006} created. INSERT INTO undo_log (branch_id, xid, context, rollback_info, log_status, log_created, log_modified) VALUES (?, ?, ?, ?, ?, now(6), now(6)) 
2021-05-14 10:27:09.764 [http-nio-8080-exec-1] [:] DEBUG druid.sql.Statement - {conn-110005, pstmt-120006} Parameters : [136415445091622912, 192.168.5.2:8091:136415440368836608, serializer=jackson, javax.sql.rowset.serial.SerialBlob@b2b8f259, 0] 
2021-05-14 10:27:09.764 [http-nio-8080-exec-1] [:] DEBUG druid.sql.Statement - {conn-110005, pstmt-120006} Types : [BIGINT, VARCHAR, VARCHAR, BLOB, INTEGER] 
2021-05-14 10:27:09.765 [http-nio-8080-exec-1] [:] DEBUG druid.sql.Statement - {conn-110005, pstmt-120006} update executed. effort 1. 1.1484 millis. INSERT INTO undo_log (branch_id, xid, context, rollback_info, log_status, log_created, log_modified) VALUES (?, ?, ?, ?, ?, now(6), now(6)) 
2021-05-14 10:27:09.767 [http-nio-8080-exec-1] [:] DEBUG druid.sql.Statement - {conn-110005, pstmt-120007} created. SELECT * FROM undo_log WHERE (id) in ( (?) ) 
2021-05-14 10:27:09.767 [http-nio-8080-exec-1] [:] DEBUG druid.sql.Statement - {conn-110005, pstmt-120007} Parameters : [5] 
2021-05-14 10:27:09.767 [http-nio-8080-exec-1] [:] DEBUG druid.sql.Statement - {conn-110005, pstmt-120007} Types : [INTEGER] 
2021-05-14 10:27:09.770 [http-nio-8080-exec-1] [:] DEBUG druid.sql.Statement - {conn-110005, pstmt-120007, rs-150008} query executed. 2.2402 millis. SELECT * FROM undo_log WHERE (id) in ( (?) ) 
2021-05-14 10:27:09.771 [http-nio-8080-exec-1] [:] DEBUG druid.sql.Statement - {conn-110005, pstmt-120006} clearParameters.  
2021-05-14 10:27:09.777 [http-nio-8080-exec-1] [:] DEBUG druid.sql.Statement - {conn-110005, pstmt-120008} created. INSERT INTO undo_log (branch_id, xid, context, rollback_info, log_status, log_created, log_modified) VALUES (?, ?, ?, ?, ?, now(6), now(6)) 
2021-05-14 10:27:09.778 [http-nio-8080-exec-1] [:] DEBUG druid.sql.Statement - {conn-110005, pstmt-120008} Parameters : [136415445204869120, 192.168.5.2:8091:136415440368836608, serializer=jackson, javax.sql.rowset.serial.SerialBlob@be6ce5f4, 0] 
2021-05-14 10:27:09.778 [http-nio-8080-exec-1] [:] DEBUG druid.sql.Statement - {conn-110005, pstmt-120008} Types : [BIGINT, VARCHAR, VARCHAR, BLOB, INTEGER] 
2021-05-14 10:27:09.779 [http-nio-8080-exec-1] [:] DEBUG druid.sql.Statement - {conn-110005, pstmt-120008} update executed. effort 1. 1.3328 millis. INSERT INTO undo_log (branch_id, xid, context, rollback_info, log_status, log_created, log_modified) VALUES (?, ?, ?, ?, ?, now(6), now(6)) 
2021-05-14 10:27:09.779 [http-nio-8080-exec-1] [:] DEBUG druid.sql.Statement - {conn-110005, pstmt-120008} clearParameters.  
2021-05-14 10:27:09.782 [http-nio-8080-exec-1] [:] DEBUG druid.sql.Statement - {conn-110005, pstmt-120000} clearParameters.  
2021-05-14 10:27:09.782 [http-nio-8080-exec-1] [:] DEBUG druid.sql.Statement - {conn-110005, pstmt-120007} clearParameters.  
2021-05-14 10:27:11.108 [AsyncWorker_1_1] [:] DEBUG druid.sql.Statement - {conn-110005, pstmt-120009} created. DELETE FROM undo_log WHERE  branch_id IN  (?)  AND xid IN  (?)  
2021-05-14 10:27:11.108 [AsyncWorker_1_1] [:] DEBUG druid.sql.Statement - {conn-110005, pstmt-120009} Parameters : [136415445204869120, 192.168.5.2:8091:136415440368836608] 
2021-05-14 10:27:11.108 [AsyncWorker_1_1] [:] DEBUG druid.sql.Statement - {conn-110005, pstmt-120009} Types : [BIGINT, VARCHAR] 
2021-05-14 10:27:11.116 [AsyncWorker_1_1] [:] DEBUG druid.sql.Statement - {conn-110005, pstmt-120009} update executed. effort 1. 8.1617 millis. DELETE FROM undo_log WHERE  branch_id IN  (?)  AND xid IN  (?)  
2021-05-14 10:27:11.117 [AsyncWorker_1_1] [:] DEBUG druid.sql.Statement - {conn-110005, pstmt-120009} clearParameters.  
2021-05-14 10:27:11.118 [AsyncWorker_1_1] [:] DEBUG druid.sql.Statement - {conn-10005, pstmt-20008} created. DELETE FROM undo_log WHERE  branch_id IN  (?,?,?)  AND xid IN  (?)  
2021-05-14 10:27:11.119 [AsyncWorker_1_1] [:] DEBUG druid.sql.Statement - {conn-10005, pstmt-20008} Parameters : [136415443611033600, 136415444546363392, 136415445091622912, 192.168.5.2:8091:136415440368836608] 
2021-05-14 10:27:11.119 [AsyncWorker_1_1] [:] DEBUG druid.sql.Statement - {conn-10005, pstmt-20008} Types : [BIGINT, BIGINT, BIGINT, VARCHAR] 
2021-05-14 10:27:11.129 [AsyncWorker_1_1] [:] DEBUG druid.sql.Statement - {conn-10005, pstmt-20008} update executed. effort 2. 10.375 millis. DELETE FROM undo_log WHERE  branch_id IN  (?,?,?)  AND xid IN  (?)  
2021-05-14 10:27:11.129 [AsyncWorker_1_1] [:] DEBUG druid.sql.Statement - {conn-10005, pstmt-20008} clearParameters.  
2021-05-14 10:40:21.719 [http-nio-8080-exec-1] [:] DEBUG druid.sql.Statement - {conn-10005, pstmt-20000} created. insert into orderinfo (orderSn,orderTime,orderStatus,userId,price)
		values(
			?,now(),?,?,?
		) 
2021-05-14 10:40:21.856 [http-nio-8080-exec-1] [:] DEBUG druid.sql.Statement - {conn-10005, stmt-20001} created 
2021-05-14 10:40:21.887 [http-nio-8080-exec-1] [:] DEBUG druid.sql.Statement - {conn-10005, stmt-20001, rs-50000} query executed. 20.6202 millis. SELECT * FROM orderinfo LIMIT 1 
2021-05-14 10:40:21.913 [http-nio-8080-exec-1] [:] DEBUG druid.sql.Statement - {conn-10005, stmt-20001} closed 
2021-05-14 10:40:21.918 [http-nio-8080-exec-1] [:] DEBUG druid.sql.Statement - {conn-10005, pstmt-20000} Parameters : [20210514104021587, 0, 8, 100] 
2021-05-14 10:40:21.918 [http-nio-8080-exec-1] [:] DEBUG druid.sql.Statement - {conn-10005, pstmt-20000} Types : [VARCHAR, INTEGER, INTEGER, DECIMAL] 
2021-05-14 10:40:21.926 [http-nio-8080-exec-1] [:] DEBUG druid.sql.Statement - {conn-10005, pstmt-20000} executed. 8.0715 millis. insert into orderinfo (orderSn,orderTime,orderStatus,userId,price)
		values(
			?,now(),?,?,?
		) 
2021-05-14 10:40:22.045 [http-nio-8080-exec-1] [:] DEBUG druid.sql.Statement - {conn-10005, pstmt-20002} created. SELECT * FROM orderinfo WHERE (orderId) in ( (?) ) 
2021-05-14 10:40:22.049 [http-nio-8080-exec-1] [:] DEBUG druid.sql.Statement - {conn-10005, pstmt-20002} Parameters : [25] 
2021-05-14 10:40:22.049 [http-nio-8080-exec-1] [:] DEBUG druid.sql.Statement - {conn-10005, pstmt-20002} Types : [BIGINT] 
2021-05-14 10:40:22.050 [http-nio-8080-exec-1] [:] DEBUG druid.sql.Statement - {conn-10005, pstmt-20002, rs-50002} query executed. 2.138 millis. SELECT * FROM orderinfo WHERE (orderId) in ( (?) ) 
2021-05-14 10:40:22.056 [http-nio-8080-exec-1] [:] DEBUG druid.sql.Statement - {conn-10005, pstmt-20003} created. SELECT * FROM orderinfo WHERE (orderId) in ( (?) ) 
2021-05-14 10:40:22.056 [http-nio-8080-exec-1] [:] DEBUG druid.sql.Statement - {conn-10005, pstmt-20003} Parameters : [25] 
2021-05-14 10:40:22.056 [http-nio-8080-exec-1] [:] DEBUG druid.sql.Statement - {conn-10005, pstmt-20003} Types : [BIGINT] 
2021-05-14 10:40:22.057 [http-nio-8080-exec-1] [:] DEBUG druid.sql.Statement - {conn-10005, pstmt-20003, rs-50003} query executed. 0.7611 millis. SELECT * FROM orderinfo WHERE (orderId) in ( (?) ) 
2021-05-14 10:40:22.154 [http-nio-8080-exec-1] [:] DEBUG druid.sql.Statement - {conn-10005, stmt-20004} created 
2021-05-14 10:40:22.156 [http-nio-8080-exec-1] [:] DEBUG druid.sql.Statement - {conn-10005, stmt-20004, rs-50004} query executed. 2.0245 millis. SELECT * FROM undo_log LIMIT 1 
2021-05-14 10:40:22.160 [http-nio-8080-exec-1] [:] DEBUG druid.sql.Statement - {conn-10005, stmt-20004} closed 
2021-05-14 10:40:22.161 [http-nio-8080-exec-1] [:] DEBUG druid.sql.Statement - {conn-10005, pstmt-20005} created. INSERT INTO undo_log (branch_id, xid, context, rollback_info, log_status, log_created, log_modified) VALUES (?, ?, ?, ?, ?, now(6), now(6)) 
2021-05-14 10:40:22.164 [http-nio-8080-exec-1] [:] DEBUG druid.sql.Statement - {conn-10005, pstmt-20005} Parameters : [136418768339345408, 192.168.5.2:8091:136418766296719360, serializer=jackson, javax.sql.rowset.serial.SerialBlob@9a5c84f5, 0] 
2021-05-14 10:40:22.164 [http-nio-8080-exec-1] [:] DEBUG druid.sql.Statement - {conn-10005, pstmt-20005} Types : [BIGINT, VARCHAR, VARCHAR, BLOB, INTEGER] 
2021-05-14 10:40:22.165 [http-nio-8080-exec-1] [:] DEBUG druid.sql.Statement - {conn-10005, pstmt-20005} update executed. effort 1. 1.0665 millis. INSERT INTO undo_log (branch_id, xid, context, rollback_info, log_status, log_created, log_modified) VALUES (?, ?, ?, ?, ?, now(6), now(6)) 
2021-05-14 10:40:22.166 [http-nio-8080-exec-1] [:] DEBUG druid.sql.Statement - {conn-10005, pstmt-20006} created. SELECT * FROM undo_log WHERE (id) in ( (?) ) 
2021-05-14 10:40:22.167 [http-nio-8080-exec-1] [:] DEBUG druid.sql.Statement - {conn-10005, pstmt-20006} Parameters : [16] 
2021-05-14 10:40:22.167 [http-nio-8080-exec-1] [:] DEBUG druid.sql.Statement - {conn-10005, pstmt-20006} Types : [INTEGER] 
2021-05-14 10:40:22.167 [http-nio-8080-exec-1] [:] DEBUG druid.sql.Statement - {conn-10005, pstmt-20006, rs-50006} query executed. 0.7088 millis. SELECT * FROM undo_log WHERE (id) in ( (?) ) 
2021-05-14 10:40:22.168 [http-nio-8080-exec-1] [:] DEBUG druid.sql.Statement - {conn-10005, pstmt-20005} clearParameters.  
2021-05-14 10:40:22.182 [http-nio-8080-exec-1] [:] DEBUG druid.sql.Statement - {conn-10005, pstmt-20007} created. INSERT INTO undo_log (branch_id, xid, context, rollback_info, log_status, log_created, log_modified) VALUES (?, ?, ?, ?, ?, now(6), now(6)) 
2021-05-14 10:40:22.182 [http-nio-8080-exec-1] [:] DEBUG druid.sql.Statement - {conn-10005, pstmt-20007} Parameters : [136418768779747328, 192.168.5.2:8091:136418766296719360, serializer=jackson, javax.sql.rowset.serial.SerialBlob@1f6c0170, 0] 
2021-05-14 10:40:22.182 [http-nio-8080-exec-1] [:] DEBUG druid.sql.Statement - {conn-10005, pstmt-20007} Types : [BIGINT, VARCHAR, VARCHAR, BLOB, INTEGER] 
2021-05-14 10:40:22.185 [http-nio-8080-exec-1] [:] DEBUG druid.sql.Statement - {conn-10005, pstmt-20007} update executed. effort 1. 2.6971 millis. INSERT INTO undo_log (branch_id, xid, context, rollback_info, log_status, log_created, log_modified) VALUES (?, ?, ?, ?, ?, now(6), now(6)) 
2021-05-14 10:40:22.185 [http-nio-8080-exec-1] [:] DEBUG druid.sql.Statement - {conn-10005, pstmt-20007} clearParameters.  
2021-05-14 10:40:22.191 [http-nio-8080-exec-1] [:] DEBUG druid.sql.Statement - {conn-10005, pstmt-20000} clearParameters.  
2021-05-14 10:40:22.192 [http-nio-8080-exec-1] [:] DEBUG druid.sql.Statement - {conn-10005, pstmt-20002} clearParameters.  
2021-05-14 10:40:22.192 [http-nio-8080-exec-1] [:] DEBUG druid.sql.Statement - {conn-10005, pstmt-20003} clearParameters.  
2021-05-14 10:40:22.192 [http-nio-8080-exec-1] [:] DEBUG druid.sql.Statement - {conn-10005, pstmt-20002} closed 
2021-05-14 10:40:22.192 [http-nio-8080-exec-1] [:] DEBUG druid.sql.Statement - {conn-10005, pstmt-20006} clearParameters.  
2021-05-14 10:40:22.206 [http-nio-8080-exec-1] [:] DEBUG druid.sql.Statement - {conn-110005, pstmt-120000} created. UPDATE goods SET
        stock = stock+?
        WHERE goodsId = ? 
2021-05-14 10:40:22.209 [http-nio-8080-exec-1] [:] DEBUG druid.sql.Statement - {conn-110005, stmt-120001} created 
2021-05-14 10:40:22.212 [http-nio-8080-exec-1] [:] DEBUG druid.sql.Statement - {conn-110005, stmt-120001, rs-150000} query executed. 1.1349 millis. SELECT * FROM goods LIMIT 1 
2021-05-14 10:40:22.214 [http-nio-8080-exec-1] [:] DEBUG druid.sql.Statement - {conn-110005, stmt-120001} closed 
2021-05-14 10:40:22.219 [http-nio-8080-exec-1] [:] DEBUG druid.sql.Statement - {conn-110005, pstmt-120002} created. SELECT goodsId, stock FROM goods WHERE goodsId = ? FOR UPDATE 
2021-05-14 10:40:22.219 [http-nio-8080-exec-1] [:] DEBUG druid.sql.Statement - {conn-110005, pstmt-120002} Parameters : [3] 
2021-05-14 10:40:22.219 [http-nio-8080-exec-1] [:] DEBUG druid.sql.Statement - {conn-110005, pstmt-120002} Types : [BIGINT] 
2021-05-14 10:40:22.220 [http-nio-8080-exec-1] [:] DEBUG druid.sql.Statement - {conn-110005, pstmt-120002, rs-150001} query executed. 0.8211 millis. SELECT goodsId, stock FROM goods WHERE goodsId = ? FOR UPDATE 
2021-05-14 10:40:22.221 [http-nio-8080-exec-1] [:] DEBUG druid.sql.Statement - {conn-110005, pstmt-120002} clearParameters.  
2021-05-14 10:40:22.222 [http-nio-8080-exec-1] [:] DEBUG druid.sql.Statement - {conn-110005, stmt-120003} created 
2021-05-14 10:40:22.231 [http-nio-8080-exec-1] [:] DEBUG druid.sql.Statement - {conn-110005, stmt-120003, rs-150002} query executed. 8.8019 millis. SELECT * FROM goods LIMIT 1 
2021-05-14 10:40:22.235 [http-nio-8080-exec-1] [:] DEBUG druid.sql.Statement - {conn-110005, stmt-120003} closed 
2021-05-14 10:40:22.236 [http-nio-8080-exec-1] [:] DEBUG druid.sql.Statement - {conn-110005, pstmt-120002} Parameters : [3] 
2021-05-14 10:40:22.236 [http-nio-8080-exec-1] [:] DEBUG druid.sql.Statement - {conn-110005, pstmt-120002} Types : [BIGINT] 
2021-05-14 10:40:22.237 [http-nio-8080-exec-1] [:] DEBUG druid.sql.Statement - {conn-110005, pstmt-120002, rs-150003} query executed. 1.1676 millis. SELECT goodsId, stock FROM goods WHERE goodsId = ? FOR UPDATE 
2021-05-14 10:40:22.237 [http-nio-8080-exec-1] [:] DEBUG druid.sql.Statement - {conn-110005, pstmt-120002} clearParameters.  
2021-05-14 10:40:22.238 [http-nio-8080-exec-1] [:] DEBUG druid.sql.Statement - {conn-110005, pstmt-120000} Parameters : [-1, 3] 
2021-05-14 10:40:22.238 [http-nio-8080-exec-1] [:] DEBUG druid.sql.Statement - {conn-110005, pstmt-120000} Types : [INTEGER, BIGINT] 
2021-05-14 10:40:22.239 [http-nio-8080-exec-1] [:] DEBUG druid.sql.Statement - {conn-110005, pstmt-120000} executed. 1.4315 millis. UPDATE goods SET
        stock = stock+?
        WHERE goodsId = ? 
2021-05-14 10:40:22.240 [http-nio-8080-exec-1] [:] DEBUG druid.sql.Statement - {conn-110005, pstmt-120004} created. SELECT goodsId, stock FROM goods WHERE (goodsId) in ( (?) ) 
2021-05-14 10:40:22.240 [http-nio-8080-exec-1] [:] DEBUG druid.sql.Statement - {conn-110005, pstmt-120004} Parameters : [3] 
2021-05-14 10:40:22.240 [http-nio-8080-exec-1] [:] DEBUG druid.sql.Statement - {conn-110005, pstmt-120004} Types : [BIGINT] 
2021-05-14 10:40:22.241 [http-nio-8080-exec-1] [:] DEBUG druid.sql.Statement - {conn-110005, pstmt-120004, rs-150004} query executed. 0.6197 millis. SELECT goodsId, stock FROM goods WHERE (goodsId) in ( (?) ) 
2021-05-14 10:40:22.241 [http-nio-8080-exec-1] [:] DEBUG druid.sql.Statement - {conn-110005, pstmt-120004} clearParameters.  
2021-05-14 10:40:22.241 [http-nio-8080-exec-1] [:] DEBUG druid.sql.Statement - {conn-110005, pstmt-120004} Parameters : [3] 
2021-05-14 10:40:22.241 [http-nio-8080-exec-1] [:] DEBUG druid.sql.Statement - {conn-110005, pstmt-120004} Types : [BIGINT] 
2021-05-14 10:40:22.242 [http-nio-8080-exec-1] [:] DEBUG druid.sql.Statement - {conn-110005, pstmt-120004, rs-150005} query executed. 0.6182 millis. SELECT goodsId, stock FROM goods WHERE (goodsId) in ( (?) ) 
2021-05-14 10:40:22.242 [http-nio-8080-exec-1] [:] DEBUG druid.sql.Statement - {conn-110005, pstmt-120004} clearParameters.  
2021-05-14 10:40:22.247 [http-nio-8080-exec-1] [:] DEBUG druid.sql.Statement - {conn-110005, stmt-120005} created 
2021-05-14 10:40:22.249 [http-nio-8080-exec-1] [:] DEBUG druid.sql.Statement - {conn-110005, stmt-120005, rs-150006} query executed. 1.1703 millis. SELECT * FROM undo_log LIMIT 1 
2021-05-14 10:40:22.251 [http-nio-8080-exec-1] [:] DEBUG druid.sql.Statement - {conn-110005, stmt-120005} closed 
2021-05-14 10:40:22.253 [http-nio-8080-exec-1] [:] DEBUG druid.sql.Statement - {conn-110005, pstmt-120006} created. INSERT INTO undo_log (branch_id, xid, context, rollback_info, log_status, log_created, log_modified) VALUES (?, ?, ?, ?, ?, now(6), now(6)) 
2021-05-14 10:40:22.253 [http-nio-8080-exec-1] [:] DEBUG druid.sql.Statement - {conn-110005, pstmt-120006} Parameters : [136418769098514432, 192.168.5.2:8091:136418766296719360, serializer=jackson, javax.sql.rowset.serial.SerialBlob@ab742140, 0] 
2021-05-14 10:40:22.253 [http-nio-8080-exec-1] [:] DEBUG druid.sql.Statement - {conn-110005, pstmt-120006} Types : [BIGINT, VARCHAR, VARCHAR, BLOB, INTEGER] 
2021-05-14 10:40:22.255 [http-nio-8080-exec-1] [:] DEBUG druid.sql.Statement - {conn-110005, pstmt-120006} update executed. effort 1. 2.108 millis. INSERT INTO undo_log (branch_id, xid, context, rollback_info, log_status, log_created, log_modified) VALUES (?, ?, ?, ?, ?, now(6), now(6)) 
2021-05-14 10:40:22.257 [http-nio-8080-exec-1] [:] DEBUG druid.sql.Statement - {conn-110005, pstmt-120007} created. SELECT * FROM undo_log WHERE (id) in ( (?) ) 
2021-05-14 10:40:22.257 [http-nio-8080-exec-1] [:] DEBUG druid.sql.Statement - {conn-110005, pstmt-120007} Parameters : [7] 
2021-05-14 10:40:22.257 [http-nio-8080-exec-1] [:] DEBUG druid.sql.Statement - {conn-110005, pstmt-120007} Types : [INTEGER] 
2021-05-14 10:40:22.258 [http-nio-8080-exec-1] [:] DEBUG druid.sql.Statement - {conn-110005, pstmt-120007, rs-150008} query executed. 0.8502 millis. SELECT * FROM undo_log WHERE (id) in ( (?) ) 
2021-05-14 10:40:22.258 [http-nio-8080-exec-1] [:] DEBUG druid.sql.Statement - {conn-110005, pstmt-120006} clearParameters.  
2021-05-14 10:40:22.263 [http-nio-8080-exec-1] [:] DEBUG druid.sql.Statement - {conn-110005, pstmt-120008} created. INSERT INTO undo_log (branch_id, xid, context, rollback_info, log_status, log_created, log_modified) VALUES (?, ?, ?, ?, ?, now(6), now(6)) 
2021-05-14 10:40:22.263 [http-nio-8080-exec-1] [:] DEBUG druid.sql.Statement - {conn-110005, pstmt-120008} Parameters : [136418769161428992, 192.168.5.2:8091:136418766296719360, serializer=jackson, javax.sql.rowset.serial.SerialBlob@70d28a7a, 0] 
2021-05-14 10:40:22.263 [http-nio-8080-exec-1] [:] DEBUG druid.sql.Statement - {conn-110005, pstmt-120008} Types : [BIGINT, VARCHAR, VARCHAR, BLOB, INTEGER] 
2021-05-14 10:40:22.264 [http-nio-8080-exec-1] [:] DEBUG druid.sql.Statement - {conn-110005, pstmt-120008} update executed. effort 1. 0.9381 millis. INSERT INTO undo_log (branch_id, xid, context, rollback_info, log_status, log_created, log_modified) VALUES (?, ?, ?, ?, ?, now(6), now(6)) 
2021-05-14 10:40:22.264 [http-nio-8080-exec-1] [:] DEBUG druid.sql.Statement - {conn-110005, pstmt-120008} clearParameters.  
2021-05-14 10:40:22.294 [http-nio-8080-exec-1] [:] DEBUG druid.sql.Statement - {conn-110005, pstmt-120000} clearParameters.  
2021-05-14 10:40:22.294 [http-nio-8080-exec-1] [:] DEBUG druid.sql.Statement - {conn-110005, pstmt-120007} clearParameters.  
2021-05-14 10:40:22.828 [AsyncWorker_1_1] [:] DEBUG druid.sql.Statement - {conn-110005, pstmt-120009} created. DELETE FROM undo_log WHERE  branch_id IN  (?)  AND xid IN  (?)  
2021-05-14 10:40:22.829 [AsyncWorker_1_1] [:] DEBUG druid.sql.Statement - {conn-110005, pstmt-120009} Parameters : [136418769161428992, 192.168.5.2:8091:136418766296719360] 
2021-05-14 10:40:22.829 [AsyncWorker_1_1] [:] DEBUG druid.sql.Statement - {conn-110005, pstmt-120009} Types : [BIGINT, VARCHAR] 
2021-05-14 10:40:22.830 [AsyncWorker_1_1] [:] DEBUG druid.sql.Statement - {conn-110005, pstmt-120009} update executed. effort 1. 1.8531 millis. DELETE FROM undo_log WHERE  branch_id IN  (?)  AND xid IN  (?)  
2021-05-14 10:40:22.830 [AsyncWorker_1_1] [:] DEBUG druid.sql.Statement - {conn-110005, pstmt-120009} clearParameters.  
2021-05-14 10:40:22.831 [AsyncWorker_1_1] [:] DEBUG druid.sql.Statement - {conn-10005, pstmt-20008} created. DELETE FROM undo_log WHERE  branch_id IN  (?,?,?)  AND xid IN  (?)  
2021-05-14 10:40:22.831 [AsyncWorker_1_1] [:] DEBUG druid.sql.Statement - {conn-10005, pstmt-20008} Parameters : [136418768339345408, 136418768779747328, 136418769098514432, 192.168.5.2:8091:136418766296719360] 
2021-05-14 10:40:22.831 [AsyncWorker_1_1] [:] DEBUG druid.sql.Statement - {conn-10005, pstmt-20008} Types : [BIGINT, BIGINT, BIGINT, VARCHAR] 
2021-05-14 10:40:22.836 [AsyncWorker_1_1] [:] DEBUG druid.sql.Statement - {conn-10005, pstmt-20008} update executed. effort 2. 3.9037 millis. DELETE FROM undo_log WHERE  branch_id IN  (?,?,?)  AND xid IN  (?)  
2021-05-14 10:40:22.836 [AsyncWorker_1_1] [:] DEBUG druid.sql.Statement - {conn-10005, pstmt-20008} clearParameters.  
2021-05-14 10:54:36.285 [rpcDispatch_RMROLE_1_6_16] [:] DEBUG druid.sql.Statement - {conn-10006, pstmt-20009} created. DELETE FROM undo_log WHERE log_created <= ? LIMIT ? 
2021-05-14 10:54:36.285 [rpcDispatch_RMROLE_1_5_16] [:] DEBUG druid.sql.Statement - {conn-110006, pstmt-120010} created. DELETE FROM undo_log WHERE log_created <= ? LIMIT ? 
2021-05-14 10:54:36.287 [rpcDispatch_RMROLE_1_5_16] [:] DEBUG druid.sql.Statement - {conn-110006, pstmt-120010} Parameters : [2021-05-07, 3000] 
2021-05-14 10:54:36.287 [rpcDispatch_RMROLE_1_6_16] [:] DEBUG druid.sql.Statement - {conn-10006, pstmt-20009} Parameters : [2021-05-07, 3000] 
2021-05-14 10:54:36.287 [rpcDispatch_RMROLE_1_5_16] [:] DEBUG druid.sql.Statement - {conn-110006, pstmt-120010} Types : [DATE, INTEGER] 
2021-05-14 10:54:36.287 [rpcDispatch_RMROLE_1_6_16] [:] DEBUG druid.sql.Statement - {conn-10006, pstmt-20009} Types : [DATE, INTEGER] 
2021-05-14 10:54:36.289 [rpcDispatch_RMROLE_1_6_16] [:] DEBUG druid.sql.Statement - {conn-10006, pstmt-20009} update executed. effort 0. 1.9135 millis. DELETE FROM undo_log WHERE log_created <= ? LIMIT ? 
2021-05-14 10:54:36.289 [rpcDispatch_RMROLE_1_5_16] [:] DEBUG druid.sql.Statement - {conn-110006, pstmt-120010} update executed. effort 0. 2.1262 millis. DELETE FROM undo_log WHERE log_created <= ? LIMIT ? 
2021-05-14 10:54:36.289 [rpcDispatch_RMROLE_1_6_16] [:] DEBUG druid.sql.Statement - {conn-10006, pstmt-20009} clearParameters.  
2021-05-14 10:54:36.289 [rpcDispatch_RMROLE_1_5_16] [:] DEBUG druid.sql.Statement - {conn-110006, pstmt-120010} clearParameters.  
2021-05-14 14:08:51.583 [http-nio-8080-exec-2] [:] DEBUG druid.sql.Statement - {conn-10005, pstmt-20000} created. insert into orderinfo (orderSn,orderTime,orderStatus,userId,price)
		values(
			?,now(),?,?,?
		) 
2021-05-14 14:08:51.897 [http-nio-8080-exec-2] [:] DEBUG druid.sql.Statement - {conn-10005, stmt-20001} created 
2021-05-14 14:08:52.021 [http-nio-8080-exec-2] [:] DEBUG druid.sql.Statement - {conn-10005, stmt-20001, rs-50000} query executed. 105.6019 millis. SELECT * FROM orderinfo LIMIT 1 
2021-05-14 14:08:52.061 [http-nio-8080-exec-2] [:] DEBUG druid.sql.Statement - {conn-10005, stmt-20001} closed 
2021-05-14 14:08:52.072 [http-nio-8080-exec-2] [:] DEBUG druid.sql.Statement - {conn-10005, pstmt-20000} Parameters : [20210514140851288, 0, 8, 100] 
2021-05-14 14:08:52.072 [http-nio-8080-exec-2] [:] DEBUG druid.sql.Statement - {conn-10005, pstmt-20000} Types : [VARCHAR, INTEGER, INTEGER, DECIMAL] 
2021-05-14 14:08:52.075 [http-nio-8080-exec-2] [:] DEBUG druid.sql.Statement - {conn-10005, pstmt-20000} executed. 3.0802 millis. insert into orderinfo (orderSn,orderTime,orderStatus,userId,price)
		values(
			?,now(),?,?,?
		) 
2021-05-14 14:08:52.212 [http-nio-8080-exec-2] [:] DEBUG druid.sql.Statement - {conn-10005, pstmt-20002} created. SELECT * FROM orderinfo WHERE (orderId) in ( (?) ) 
2021-05-14 14:08:52.216 [http-nio-8080-exec-2] [:] DEBUG druid.sql.Statement - {conn-10005, pstmt-20002} Parameters : [26] 
2021-05-14 14:08:52.216 [http-nio-8080-exec-2] [:] DEBUG druid.sql.Statement - {conn-10005, pstmt-20002} Types : [BIGINT] 
2021-05-14 14:08:52.217 [http-nio-8080-exec-2] [:] DEBUG druid.sql.Statement - {conn-10005, pstmt-20002, rs-50002} query executed. 2.1851 millis. SELECT * FROM orderinfo WHERE (orderId) in ( (?) ) 
2021-05-14 14:08:52.224 [http-nio-8080-exec-2] [:] DEBUG druid.sql.Statement - {conn-10005, pstmt-20003} created. SELECT * FROM orderinfo WHERE (orderId) in ( (?) ) 
2021-05-14 14:08:52.224 [http-nio-8080-exec-2] [:] DEBUG druid.sql.Statement - {conn-10005, pstmt-20003} Parameters : [26] 
2021-05-14 14:08:52.224 [http-nio-8080-exec-2] [:] DEBUG druid.sql.Statement - {conn-10005, pstmt-20003} Types : [BIGINT] 
2021-05-14 14:08:52.226 [http-nio-8080-exec-2] [:] DEBUG druid.sql.Statement - {conn-10005, pstmt-20003, rs-50003} query executed. 1.113 millis. SELECT * FROM orderinfo WHERE (orderId) in ( (?) ) 
2021-05-14 14:08:52.450 [http-nio-8080-exec-2] [:] DEBUG druid.sql.Statement - {conn-10005, stmt-20004} created 
2021-05-14 14:08:52.452 [http-nio-8080-exec-2] [:] DEBUG druid.sql.Statement - {conn-10005, stmt-20004, rs-50004} query executed. 2.0117 millis. SELECT * FROM undo_log LIMIT 1 
2021-05-14 14:08:52.458 [http-nio-8080-exec-2] [:] DEBUG druid.sql.Statement - {conn-10005, stmt-20004} closed 
2021-05-14 14:08:52.461 [http-nio-8080-exec-2] [:] DEBUG druid.sql.Statement - {conn-10005, pstmt-20005} created. INSERT INTO undo_log (branch_id, xid, context, rollback_info, log_status, log_created, log_modified) VALUES (?, ?, ?, ?, ?, now(6), now(6)) 
2021-05-14 14:08:52.466 [http-nio-8080-exec-2] [:] DEBUG druid.sql.Statement - {conn-10005, pstmt-20005} Parameters : [136471240168710144, 192.168.5.2:8091:136471235924074496, serializer=jackson, javax.sql.rowset.serial.SerialBlob@53bf5714, 0] 
2021-05-14 14:08:52.466 [http-nio-8080-exec-2] [:] DEBUG druid.sql.Statement - {conn-10005, pstmt-20005} Types : [BIGINT, VARCHAR, VARCHAR, BLOB, INTEGER] 
2021-05-14 14:08:52.470 [http-nio-8080-exec-2] [:] DEBUG druid.sql.Statement - {conn-10005, pstmt-20005} update executed. effort 1. 4.4084 millis. INSERT INTO undo_log (branch_id, xid, context, rollback_info, log_status, log_created, log_modified) VALUES (?, ?, ?, ?, ?, now(6), now(6)) 
2021-05-14 14:08:52.473 [http-nio-8080-exec-2] [:] DEBUG druid.sql.Statement - {conn-10005, pstmt-20006} created. SELECT * FROM undo_log WHERE (id) in ( (?) ) 
2021-05-14 14:08:52.473 [http-nio-8080-exec-2] [:] DEBUG druid.sql.Statement - {conn-10005, pstmt-20006} Parameters : [18] 
2021-05-14 14:08:52.473 [http-nio-8080-exec-2] [:] DEBUG druid.sql.Statement - {conn-10005, pstmt-20006} Types : [INTEGER] 
2021-05-14 14:08:52.474 [http-nio-8080-exec-2] [:] DEBUG druid.sql.Statement - {conn-10005, pstmt-20006, rs-50006} query executed. 1.0393 millis. SELECT * FROM undo_log WHERE (id) in ( (?) ) 
2021-05-14 14:08:52.475 [http-nio-8080-exec-2] [:] DEBUG druid.sql.Statement - {conn-10005, pstmt-20005} clearParameters.  
2021-05-14 14:08:52.501 [http-nio-8080-exec-2] [:] DEBUG druid.sql.Statement - {conn-10005, pstmt-20007} created. INSERT INTO undo_log (branch_id, xid, context, rollback_info, log_status, log_created, log_modified) VALUES (?, ?, ?, ?, ?, now(6), now(6)) 
2021-05-14 14:08:52.501 [http-nio-8080-exec-2] [:] DEBUG druid.sql.Statement - {conn-10005, pstmt-20007} Parameters : [136471241150177280, 192.168.5.2:8091:136471235924074496, serializer=jackson, javax.sql.rowset.serial.SerialBlob@1b191599, 0] 
2021-05-14 14:08:52.502 [http-nio-8080-exec-2] [:] DEBUG druid.sql.Statement - {conn-10005, pstmt-20007} Types : [BIGINT, VARCHAR, VARCHAR, BLOB, INTEGER] 
2021-05-14 14:08:52.507 [http-nio-8080-exec-2] [:] DEBUG druid.sql.Statement - {conn-10005, pstmt-20007} update executed. effort 1. 5.2963 millis. INSERT INTO undo_log (branch_id, xid, context, rollback_info, log_status, log_created, log_modified) VALUES (?, ?, ?, ?, ?, now(6), now(6)) 
2021-05-14 14:08:52.507 [http-nio-8080-exec-2] [:] DEBUG druid.sql.Statement - {conn-10005, pstmt-20007} clearParameters.  
2021-05-14 14:08:52.519 [http-nio-8080-exec-2] [:] DEBUG druid.sql.Statement - {conn-10005, pstmt-20000} clearParameters.  
2021-05-14 14:08:52.521 [http-nio-8080-exec-2] [:] DEBUG druid.sql.Statement - {conn-10005, pstmt-20002} clearParameters.  
2021-05-14 14:08:52.521 [http-nio-8080-exec-2] [:] DEBUG druid.sql.Statement - {conn-10005, pstmt-20003} clearParameters.  
2021-05-14 14:08:52.521 [http-nio-8080-exec-2] [:] DEBUG druid.sql.Statement - {conn-10005, pstmt-20002} closed 
2021-05-14 14:08:52.521 [http-nio-8080-exec-2] [:] DEBUG druid.sql.Statement - {conn-10005, pstmt-20006} clearParameters.  
2021-05-14 14:08:52.549 [http-nio-8080-exec-2] [:] DEBUG druid.sql.Statement - {conn-110005, pstmt-120000} created. UPDATE goods SET
        stock = stock+?
        WHERE goodsId = ? 
2021-05-14 14:08:52.554 [http-nio-8080-exec-2] [:] DEBUG druid.sql.Statement - {conn-110005, stmt-120001} created 
2021-05-14 14:08:52.555 [http-nio-8080-exec-2] [:] DEBUG druid.sql.Statement - {conn-110005, stmt-120001, rs-150000} query executed. 1.188 millis. SELECT * FROM goods LIMIT 1 
2021-05-14 14:08:52.562 [http-nio-8080-exec-2] [:] DEBUG druid.sql.Statement - {conn-110005, stmt-120001} closed 
2021-05-14 14:08:52.571 [http-nio-8080-exec-2] [:] DEBUG druid.sql.Statement - {conn-110005, pstmt-120002} created. SELECT goodsId, stock FROM goods WHERE goodsId = ? FOR UPDATE 
2021-05-14 14:08:52.571 [http-nio-8080-exec-2] [:] DEBUG druid.sql.Statement - {conn-110005, pstmt-120002} Parameters : [3] 
2021-05-14 14:08:52.571 [http-nio-8080-exec-2] [:] DEBUG druid.sql.Statement - {conn-110005, pstmt-120002} Types : [BIGINT] 
2021-05-14 14:08:52.572 [http-nio-8080-exec-2] [:] DEBUG druid.sql.Statement - {conn-110005, pstmt-120002, rs-150001} query executed. 0.9487 millis. SELECT goodsId, stock FROM goods WHERE goodsId = ? FOR UPDATE 
2021-05-14 14:08:52.572 [http-nio-8080-exec-2] [:] DEBUG druid.sql.Statement - {conn-110005, pstmt-120002} clearParameters.  
2021-05-14 14:08:52.573 [http-nio-8080-exec-2] [:] DEBUG druid.sql.Statement - {conn-110005, stmt-120003} created 
2021-05-14 14:08:52.574 [http-nio-8080-exec-2] [:] DEBUG druid.sql.Statement - {conn-110005, stmt-120003, rs-150002} query executed. 0.8767 millis. SELECT * FROM goods LIMIT 1 
2021-05-14 14:08:52.585 [http-nio-8080-exec-2] [:] DEBUG druid.sql.Statement - {conn-110005, stmt-120003} closed 
2021-05-14 14:08:52.585 [http-nio-8080-exec-2] [:] DEBUG druid.sql.Statement - {conn-110005, pstmt-120002} Parameters : [3] 
2021-05-14 14:08:52.585 [http-nio-8080-exec-2] [:] DEBUG druid.sql.Statement - {conn-110005, pstmt-120002} Types : [BIGINT] 
2021-05-14 14:08:52.586 [http-nio-8080-exec-2] [:] DEBUG druid.sql.Statement - {conn-110005, pstmt-120002, rs-150003} query executed. 1.0844 millis. SELECT goodsId, stock FROM goods WHERE goodsId = ? FOR UPDATE 
2021-05-14 14:08:52.587 [http-nio-8080-exec-2] [:] DEBUG druid.sql.Statement - {conn-110005, pstmt-120002} clearParameters.  
2021-05-14 14:08:52.587 [http-nio-8080-exec-2] [:] DEBUG druid.sql.Statement - {conn-110005, pstmt-120000} Parameters : [-1, 3] 
2021-05-14 14:08:52.587 [http-nio-8080-exec-2] [:] DEBUG druid.sql.Statement - {conn-110005, pstmt-120000} Types : [INTEGER, BIGINT] 
2021-05-14 14:08:52.588 [http-nio-8080-exec-2] [:] DEBUG druid.sql.Statement - {conn-110005, pstmt-120000} executed. 1.2039 millis. UPDATE goods SET
        stock = stock+?
        WHERE goodsId = ? 
2021-05-14 14:08:52.589 [http-nio-8080-exec-2] [:] DEBUG druid.sql.Statement - {conn-110005, pstmt-120004} created. SELECT goodsId, stock FROM goods WHERE (goodsId) in ( (?) ) 
2021-05-14 14:08:52.590 [http-nio-8080-exec-2] [:] DEBUG druid.sql.Statement - {conn-110005, pstmt-120004} Parameters : [3] 
2021-05-14 14:08:52.590 [http-nio-8080-exec-2] [:] DEBUG druid.sql.Statement - {conn-110005, pstmt-120004} Types : [BIGINT] 
2021-05-14 14:08:52.591 [http-nio-8080-exec-2] [:] DEBUG druid.sql.Statement - {conn-110005, pstmt-120004, rs-150004} query executed. 0.7989 millis. SELECT goodsId, stock FROM goods WHERE (goodsId) in ( (?) ) 
2021-05-14 14:08:52.591 [http-nio-8080-exec-2] [:] DEBUG druid.sql.Statement - {conn-110005, pstmt-120004} clearParameters.  
2021-05-14 14:08:52.592 [http-nio-8080-exec-2] [:] DEBUG druid.sql.Statement - {conn-110005, pstmt-120004} Parameters : [3] 
2021-05-14 14:08:52.592 [http-nio-8080-exec-2] [:] DEBUG druid.sql.Statement - {conn-110005, pstmt-120004} Types : [BIGINT] 
2021-05-14 14:08:52.594 [http-nio-8080-exec-2] [:] DEBUG druid.sql.Statement - {conn-110005, pstmt-120004, rs-150005} query executed. 1.6843 millis. SELECT goodsId, stock FROM goods WHERE (goodsId) in ( (?) ) 
2021-05-14 14:08:52.595 [http-nio-8080-exec-2] [:] DEBUG druid.sql.Statement - {conn-110005, pstmt-120004} clearParameters.  
2021-05-14 14:08:52.601 [http-nio-8080-exec-2] [:] DEBUG druid.sql.Statement - {conn-110005, stmt-120005} created 
2021-05-14 14:08:52.603 [http-nio-8080-exec-2] [:] DEBUG druid.sql.Statement - {conn-110005, stmt-120005, rs-150006} query executed. 1.9373 millis. SELECT * FROM undo_log LIMIT 1 
2021-05-14 14:08:52.609 [http-nio-8080-exec-2] [:] DEBUG druid.sql.Statement - {conn-110005, stmt-120005} closed 
2021-05-14 14:08:52.612 [http-nio-8080-exec-2] [:] DEBUG druid.sql.Statement - {conn-110005, pstmt-120006} created. INSERT INTO undo_log (branch_id, xid, context, rollback_info, log_status, log_created, log_modified) VALUES (?, ?, ?, ?, ?, now(6), now(6)) 
2021-05-14 14:08:52.614 [http-nio-8080-exec-2] [:] DEBUG druid.sql.Statement - {conn-110005, pstmt-120006} Parameters : [136471241649299456, 192.168.5.2:8091:136471235924074496, serializer=jackson, javax.sql.rowset.serial.SerialBlob@946fae08, 0] 
2021-05-14 14:08:52.614 [http-nio-8080-exec-2] [:] DEBUG druid.sql.Statement - {conn-110005, pstmt-120006} Types : [BIGINT, VARCHAR, VARCHAR, BLOB, INTEGER] 
2021-05-14 14:08:52.617 [http-nio-8080-exec-2] [:] DEBUG druid.sql.Statement - {conn-110005, pstmt-120006} update executed. effort 1. 2.6735 millis. INSERT INTO undo_log (branch_id, xid, context, rollback_info, log_status, log_created, log_modified) VALUES (?, ?, ?, ?, ?, now(6), now(6)) 
2021-05-14 14:08:52.619 [http-nio-8080-exec-2] [:] DEBUG druid.sql.Statement - {conn-110005, pstmt-120007} created. SELECT * FROM undo_log WHERE (id) in ( (?) ) 
2021-05-14 14:08:52.620 [http-nio-8080-exec-2] [:] DEBUG druid.sql.Statement - {conn-110005, pstmt-120007} Parameters : [9] 
2021-05-14 14:08:52.620 [http-nio-8080-exec-2] [:] DEBUG druid.sql.Statement - {conn-110005, pstmt-120007} Types : [INTEGER] 
2021-05-14 14:08:52.621 [http-nio-8080-exec-2] [:] DEBUG druid.sql.Statement - {conn-110005, pstmt-120007, rs-150008} query executed. 1.2158 millis. SELECT * FROM undo_log WHERE (id) in ( (?) ) 
2021-05-14 14:08:52.622 [http-nio-8080-exec-2] [:] DEBUG druid.sql.Statement - {conn-110005, pstmt-120006} clearParameters.  
2021-05-14 14:08:52.631 [http-nio-8080-exec-2] [:] DEBUG druid.sql.Statement - {conn-110005, pstmt-120008} created. INSERT INTO undo_log (branch_id, xid, context, rollback_info, log_status, log_created, log_modified) VALUES (?, ?, ?, ?, ?, now(6), now(6)) 
2021-05-14 14:08:52.632 [http-nio-8080-exec-2] [:] DEBUG druid.sql.Statement - {conn-110005, pstmt-120008} Parameters : [136471241762545664, 192.168.5.2:8091:136471235924074496, serializer=jackson, javax.sql.rowset.serial.SerialBlob@9599a739, 0] 
2021-05-14 14:08:52.633 [http-nio-8080-exec-2] [:] DEBUG druid.sql.Statement - {conn-110005, pstmt-120008} Types : [BIGINT, VARCHAR, VARCHAR, BLOB, INTEGER] 
2021-05-14 14:08:52.634 [http-nio-8080-exec-2] [:] DEBUG druid.sql.Statement - {conn-110005, pstmt-120008} update executed. effort 1. 2.0542 millis. INSERT INTO undo_log (branch_id, xid, context, rollback_info, log_status, log_created, log_modified) VALUES (?, ?, ?, ?, ?, now(6), now(6)) 
2021-05-14 14:08:52.634 [http-nio-8080-exec-2] [:] DEBUG druid.sql.Statement - {conn-110005, pstmt-120008} clearParameters.  
2021-05-14 14:08:52.639 [http-nio-8080-exec-2] [:] DEBUG druid.sql.Statement - {conn-110005, pstmt-120000} clearParameters.  
2021-05-14 14:08:52.639 [http-nio-8080-exec-2] [:] DEBUG druid.sql.Statement - {conn-110005, pstmt-120007} clearParameters.  
2021-05-14 14:08:53.925 [AsyncWorker_1_1] [:] DEBUG druid.sql.Statement - {conn-110005, pstmt-120009} created. DELETE FROM undo_log WHERE  branch_id IN  (?)  AND xid IN  (?)  
2021-05-14 14:08:53.926 [AsyncWorker_1_1] [:] DEBUG druid.sql.Statement - {conn-110005, pstmt-120009} Parameters : [136471241762545664, 192.168.5.2:8091:136471235924074496] 
2021-05-14 14:08:53.926 [AsyncWorker_1_1] [:] DEBUG druid.sql.Statement - {conn-110005, pstmt-120009} Types : [BIGINT, VARCHAR] 
2021-05-14 14:08:53.928 [AsyncWorker_1_1] [:] DEBUG druid.sql.Statement - {conn-110005, pstmt-120009} update executed. effort 1. 2.0422 millis. DELETE FROM undo_log WHERE  branch_id IN  (?)  AND xid IN  (?)  
2021-05-14 14:08:53.928 [AsyncWorker_1_1] [:] DEBUG druid.sql.Statement - {conn-110005, pstmt-120009} clearParameters.  
2021-05-14 14:08:53.929 [AsyncWorker_1_1] [:] DEBUG druid.sql.Statement - {conn-10005, pstmt-20008} created. DELETE FROM undo_log WHERE  branch_id IN  (?,?,?)  AND xid IN  (?)  
2021-05-14 14:08:53.929 [AsyncWorker_1_1] [:] DEBUG druid.sql.Statement - {conn-10005, pstmt-20008} Parameters : [136471240168710144, 136471241150177280, 136471241649299456, 192.168.5.2:8091:136471235924074496] 
2021-05-14 14:08:53.929 [AsyncWorker_1_1] [:] DEBUG druid.sql.Statement - {conn-10005, pstmt-20008} Types : [BIGINT, BIGINT, BIGINT, VARCHAR] 
2021-05-14 14:08:53.944 [AsyncWorker_1_1] [:] DEBUG druid.sql.Statement - {conn-10005, pstmt-20008} update executed. effort 2. 15.0422 millis. DELETE FROM undo_log WHERE  branch_id IN  (?,?,?)  AND xid IN  (?)  
2021-05-14 14:08:53.944 [AsyncWorker_1_1] [:] DEBUG druid.sql.Statement - {conn-10005, pstmt-20008} clearParameters.  
2021-05-14 14:13:41.764 [http-nio-8080-exec-6] [:] DEBUG druid.sql.Statement - {conn-10005, pstmt-20000} created. insert into orderinfo (orderSn,orderTime,orderStatus,userId,price)
		values(
			?,now(),?,?,?
		) 
2021-05-14 14:13:42.084 [http-nio-8080-exec-6] [:] DEBUG druid.sql.Statement - {conn-10005, stmt-20001} created 
2021-05-14 14:13:42.149 [http-nio-8080-exec-6] [:] DEBUG druid.sql.Statement - {conn-10005, stmt-20001, rs-50000} query executed. 46.7889 millis. SELECT * FROM orderinfo LIMIT 1 
2021-05-14 14:13:42.196 [http-nio-8080-exec-6] [:] DEBUG druid.sql.Statement - {conn-10005, stmt-20001} closed 
2021-05-14 14:13:42.211 [http-nio-8080-exec-6] [:] DEBUG druid.sql.Statement - {conn-10005, pstmt-20000} Parameters : [20210514141341451, 0, 8, 100] 
2021-05-14 14:13:42.211 [http-nio-8080-exec-6] [:] DEBUG druid.sql.Statement - {conn-10005, pstmt-20000} Types : [VARCHAR, INTEGER, INTEGER, DECIMAL] 
2021-05-14 14:13:42.216 [http-nio-8080-exec-6] [:] DEBUG druid.sql.Statement - {conn-10005, pstmt-20000} executed. 5.8597 millis. insert into orderinfo (orderSn,orderTime,orderStatus,userId,price)
		values(
			?,now(),?,?,?
		) 
2021-05-14 14:13:42.264 [http-nio-8080-exec-6] [:] DEBUG druid.sql.Statement - {conn-10005, pstmt-20002} created. SELECT * FROM orderinfo WHERE (orderId) in ( (?) ) 
2021-05-14 14:13:42.267 [http-nio-8080-exec-6] [:] DEBUG druid.sql.Statement - {conn-10005, pstmt-20002} Parameters : [27] 
2021-05-14 14:13:42.267 [http-nio-8080-exec-6] [:] DEBUG druid.sql.Statement - {conn-10005, pstmt-20002} Types : [BIGINT] 
2021-05-14 14:13:42.270 [http-nio-8080-exec-6] [:] DEBUG druid.sql.Statement - {conn-10005, pstmt-20002, rs-50002} query executed. 3.6139 millis. SELECT * FROM orderinfo WHERE (orderId) in ( (?) ) 
2021-05-14 14:13:42.278 [http-nio-8080-exec-6] [:] DEBUG druid.sql.Statement - {conn-10005, pstmt-20003} created. SELECT * FROM orderinfo WHERE (orderId) in ( (?) ) 
2021-05-14 14:13:42.278 [http-nio-8080-exec-6] [:] DEBUG druid.sql.Statement - {conn-10005, pstmt-20003} Parameters : [27] 
2021-05-14 14:13:42.278 [http-nio-8080-exec-6] [:] DEBUG druid.sql.Statement - {conn-10005, pstmt-20003} Types : [BIGINT] 
2021-05-14 14:13:42.280 [http-nio-8080-exec-6] [:] DEBUG druid.sql.Statement - {conn-10005, pstmt-20003, rs-50003} query executed. 2.1731 millis. SELECT * FROM orderinfo WHERE (orderId) in ( (?) ) 
2021-05-14 14:13:42.458 [http-nio-8080-exec-6] [:] DEBUG druid.sql.Statement - {conn-10005, stmt-20004} created 
2021-05-14 14:13:42.460 [http-nio-8080-exec-6] [:] DEBUG druid.sql.Statement - {conn-10005, stmt-20004, rs-50004} query executed. 1.9392 millis. SELECT * FROM undo_log LIMIT 1 
2021-05-14 14:13:42.470 [http-nio-8080-exec-6] [:] DEBUG druid.sql.Statement - {conn-10005, stmt-20004} closed 
2021-05-14 14:13:42.471 [http-nio-8080-exec-6] [:] DEBUG druid.sql.Statement - {conn-10005, pstmt-20005} created. INSERT INTO undo_log (branch_id, xid, context, rollback_info, log_status, log_created, log_modified) VALUES (?, ?, ?, ?, ?, now(6), now(6)) 
2021-05-14 14:13:42.475 [http-nio-8080-exec-6] [:] DEBUG druid.sql.Statement - {conn-10005, pstmt-20005} Parameters : [136472456701419520, 192.168.5.2:8091:136472453102706688, serializer=jackson, javax.sql.rowset.serial.SerialBlob@eb429899, 0] 
2021-05-14 14:13:42.475 [http-nio-8080-exec-6] [:] DEBUG druid.sql.Statement - {conn-10005, pstmt-20005} Types : [BIGINT, VARCHAR, VARCHAR, BLOB, INTEGER] 
2021-05-14 14:13:42.477 [http-nio-8080-exec-6] [:] DEBUG druid.sql.Statement - {conn-10005, pstmt-20005} update executed. effort 1. 1.8866 millis. INSERT INTO undo_log (branch_id, xid, context, rollback_info, log_status, log_created, log_modified) VALUES (?, ?, ?, ?, ?, now(6), now(6)) 
2021-05-14 14:13:42.480 [http-nio-8080-exec-6] [:] DEBUG druid.sql.Statement - {conn-10005, pstmt-20006} created. SELECT * FROM undo_log WHERE (id) in ( (?) ) 
2021-05-14 14:13:42.481 [http-nio-8080-exec-6] [:] DEBUG druid.sql.Statement - {conn-10005, pstmt-20006} Parameters : [20] 
2021-05-14 14:13:42.481 [http-nio-8080-exec-6] [:] DEBUG druid.sql.Statement - {conn-10005, pstmt-20006} Types : [INTEGER] 
2021-05-14 14:13:42.483 [http-nio-8080-exec-6] [:] DEBUG druid.sql.Statement - {conn-10005, pstmt-20006, rs-50006} query executed. 1.865 millis. SELECT * FROM undo_log WHERE (id) in ( (?) ) 
2021-05-14 14:13:42.483 [http-nio-8080-exec-6] [:] DEBUG druid.sql.Statement - {conn-10005, pstmt-20005} clearParameters.  
2021-05-14 14:13:42.509 [http-nio-8080-exec-6] [:] DEBUG druid.sql.Statement - {conn-10005, pstmt-20007} created. INSERT INTO undo_log (branch_id, xid, context, rollback_info, log_status, log_created, log_modified) VALUES (?, ?, ?, ?, ?, now(6), now(6)) 
2021-05-14 14:13:42.510 [http-nio-8080-exec-6] [:] DEBUG druid.sql.Statement - {conn-10005, pstmt-20007} Parameters : [136472457544474624, 192.168.5.2:8091:136472453102706688, serializer=jackson, javax.sql.rowset.serial.SerialBlob@4e09f990, 0] 
2021-05-14 14:13:42.510 [http-nio-8080-exec-6] [:] DEBUG druid.sql.Statement - {conn-10005, pstmt-20007} Types : [BIGINT, VARCHAR, VARCHAR, BLOB, INTEGER] 
2021-05-14 14:13:42.515 [http-nio-8080-exec-6] [:] DEBUG druid.sql.Statement - {conn-10005, pstmt-20007} update executed. effort 1. 5.5112 millis. INSERT INTO undo_log (branch_id, xid, context, rollback_info, log_status, log_created, log_modified) VALUES (?, ?, ?, ?, ?, now(6), now(6)) 
2021-05-14 14:13:42.515 [http-nio-8080-exec-6] [:] DEBUG druid.sql.Statement - {conn-10005, pstmt-20007} clearParameters.  
2021-05-14 14:13:42.533 [http-nio-8080-exec-6] [:] DEBUG druid.sql.Statement - {conn-10005, pstmt-20000} clearParameters.  
2021-05-14 14:13:42.535 [http-nio-8080-exec-6] [:] DEBUG druid.sql.Statement - {conn-10005, pstmt-20002} clearParameters.  
2021-05-14 14:13:42.535 [http-nio-8080-exec-6] [:] DEBUG druid.sql.Statement - {conn-10005, pstmt-20003} clearParameters.  
2021-05-14 14:13:42.536 [http-nio-8080-exec-6] [:] DEBUG druid.sql.Statement - {conn-10005, pstmt-20002} closed 
2021-05-14 14:13:42.536 [http-nio-8080-exec-6] [:] DEBUG druid.sql.Statement - {conn-10005, pstmt-20006} clearParameters.  
2021-05-14 14:13:42.563 [http-nio-8080-exec-6] [:] DEBUG druid.sql.Statement - {conn-110005, pstmt-120000} created. UPDATE goods SET
        stock = stock+?
        WHERE goodsId = ? 
2021-05-14 14:13:42.570 [http-nio-8080-exec-6] [:] DEBUG druid.sql.Statement - {conn-110005, stmt-120001} created 
2021-05-14 14:13:42.572 [http-nio-8080-exec-6] [:] DEBUG druid.sql.Statement - {conn-110005, stmt-120001, rs-150000} query executed. 2.0302 millis. SELECT * FROM goods LIMIT 1 
2021-05-14 14:13:42.590 [http-nio-8080-exec-6] [:] DEBUG druid.sql.Statement - {conn-110005, stmt-120001} closed 
2021-05-14 14:13:42.599 [http-nio-8080-exec-6] [:] DEBUG druid.sql.Statement - {conn-110005, pstmt-120002} created. SELECT goodsId, stock FROM goods WHERE goodsId = ? FOR UPDATE 
2021-05-14 14:13:42.600 [http-nio-8080-exec-6] [:] DEBUG druid.sql.Statement - {conn-110005, pstmt-120002} Parameters : [3] 
2021-05-14 14:13:42.600 [http-nio-8080-exec-6] [:] DEBUG druid.sql.Statement - {conn-110005, pstmt-120002} Types : [BIGINT] 
2021-05-14 14:13:42.603 [http-nio-8080-exec-6] [:] DEBUG druid.sql.Statement - {conn-110005, pstmt-120002, rs-150001} query executed. 3.2819 millis. SELECT goodsId, stock FROM goods WHERE goodsId = ? FOR UPDATE 
2021-05-14 14:13:42.603 [http-nio-8080-exec-6] [:] DEBUG druid.sql.Statement - {conn-110005, pstmt-120002} clearParameters.  
2021-05-14 14:13:42.604 [http-nio-8080-exec-6] [:] DEBUG druid.sql.Statement - {conn-110005, stmt-120003} created 
2021-05-14 14:13:42.607 [http-nio-8080-exec-6] [:] DEBUG druid.sql.Statement - {conn-110005, stmt-120003, rs-150002} query executed. 2.165 millis. SELECT * FROM goods LIMIT 1 
2021-05-14 14:13:42.619 [http-nio-8080-exec-6] [:] DEBUG druid.sql.Statement - {conn-110005, stmt-120003} closed 
2021-05-14 14:13:42.620 [http-nio-8080-exec-6] [:] DEBUG druid.sql.Statement - {conn-110005, pstmt-120002} Parameters : [3] 
2021-05-14 14:13:42.620 [http-nio-8080-exec-6] [:] DEBUG druid.sql.Statement - {conn-110005, pstmt-120002} Types : [BIGINT] 
2021-05-14 14:13:42.621 [http-nio-8080-exec-6] [:] DEBUG druid.sql.Statement - {conn-110005, pstmt-120002, rs-150003} query executed. 1.5826 millis. SELECT goodsId, stock FROM goods WHERE goodsId = ? FOR UPDATE 
2021-05-14 14:13:42.622 [http-nio-8080-exec-6] [:] DEBUG druid.sql.Statement - {conn-110005, pstmt-120002} clearParameters.  
2021-05-14 14:13:42.622 [http-nio-8080-exec-6] [:] DEBUG druid.sql.Statement - {conn-110005, pstmt-120000} Parameters : [-1, 3] 
2021-05-14 14:13:42.622 [http-nio-8080-exec-6] [:] DEBUG druid.sql.Statement - {conn-110005, pstmt-120000} Types : [INTEGER, BIGINT] 
2021-05-14 14:13:42.625 [http-nio-8080-exec-6] [:] DEBUG druid.sql.Statement - {conn-110005, pstmt-120000} executed. 2.6765 millis. UPDATE goods SET
        stock = stock+?
        WHERE goodsId = ? 
2021-05-14 14:13:42.626 [http-nio-8080-exec-6] [:] DEBUG druid.sql.Statement - {conn-110005, pstmt-120004} created. SELECT goodsId, stock FROM goods WHERE (goodsId) in ( (?) ) 
2021-05-14 14:13:42.627 [http-nio-8080-exec-6] [:] DEBUG druid.sql.Statement - {conn-110005, pstmt-120004} Parameters : [3] 
2021-05-14 14:13:42.627 [http-nio-8080-exec-6] [:] DEBUG druid.sql.Statement - {conn-110005, pstmt-120004} Types : [BIGINT] 
2021-05-14 14:13:42.628 [http-nio-8080-exec-6] [:] DEBUG druid.sql.Statement - {conn-110005, pstmt-120004, rs-150004} query executed. 1.7998 millis. SELECT goodsId, stock FROM goods WHERE (goodsId) in ( (?) ) 
2021-05-14 14:13:42.629 [http-nio-8080-exec-6] [:] DEBUG druid.sql.Statement - {conn-110005, pstmt-120004} clearParameters.  
2021-05-14 14:13:42.629 [http-nio-8080-exec-6] [:] DEBUG druid.sql.Statement - {conn-110005, pstmt-120004} Parameters : [3] 
2021-05-14 14:13:42.629 [http-nio-8080-exec-6] [:] DEBUG druid.sql.Statement - {conn-110005, pstmt-120004} Types : [BIGINT] 
2021-05-14 14:13:42.631 [http-nio-8080-exec-6] [:] DEBUG druid.sql.Statement - {conn-110005, pstmt-120004, rs-150005} query executed. 1.3281 millis. SELECT goodsId, stock FROM goods WHERE (goodsId) in ( (?) ) 
2021-05-14 14:13:42.631 [http-nio-8080-exec-6] [:] DEBUG druid.sql.Statement - {conn-110005, pstmt-120004} clearParameters.  
2021-05-14 14:13:42.638 [http-nio-8080-exec-6] [:] DEBUG druid.sql.Statement - {conn-110005, stmt-120005} created 
2021-05-14 14:13:42.641 [http-nio-8080-exec-6] [:] DEBUG druid.sql.Statement - {conn-110005, stmt-120005, rs-150006} query executed. 2.4811 millis. SELECT * FROM undo_log LIMIT 1 
2021-05-14 14:13:42.648 [http-nio-8080-exec-6] [:] DEBUG druid.sql.Statement - {conn-110005, stmt-120005} closed 
2021-05-14 14:13:42.650 [http-nio-8080-exec-6] [:] DEBUG druid.sql.Statement - {conn-110005, pstmt-120006} created. INSERT INTO undo_log (branch_id, xid, context, rollback_info, log_status, log_created, log_modified) VALUES (?, ?, ?, ?, ?, now(6), now(6)) 
2021-05-14 14:13:42.651 [http-nio-8080-exec-6] [:] DEBUG druid.sql.Statement - {conn-110005, pstmt-120006} Parameters : [136472458161037312, 192.168.5.2:8091:136472453102706688, serializer=jackson, javax.sql.rowset.serial.SerialBlob@af76cd3, 0] 
2021-05-14 14:13:42.651 [http-nio-8080-exec-6] [:] DEBUG druid.sql.Statement - {conn-110005, pstmt-120006} Types : [BIGINT, VARCHAR, VARCHAR, BLOB, INTEGER] 
2021-05-14 14:13:42.653 [http-nio-8080-exec-6] [:] DEBUG druid.sql.Statement - {conn-110005, pstmt-120006} update executed. effort 1. 2.3864 millis. INSERT INTO undo_log (branch_id, xid, context, rollback_info, log_status, log_created, log_modified) VALUES (?, ?, ?, ?, ?, now(6), now(6)) 
2021-05-14 14:13:42.656 [http-nio-8080-exec-6] [:] DEBUG druid.sql.Statement - {conn-110005, pstmt-120007} created. SELECT * FROM undo_log WHERE (id) in ( (?) ) 
2021-05-14 14:13:42.657 [http-nio-8080-exec-6] [:] DEBUG druid.sql.Statement - {conn-110005, pstmt-120007} Parameters : [11] 
2021-05-14 14:13:42.657 [http-nio-8080-exec-6] [:] DEBUG druid.sql.Statement - {conn-110005, pstmt-120007} Types : [INTEGER] 
2021-05-14 14:13:42.659 [http-nio-8080-exec-6] [:] DEBUG druid.sql.Statement - {conn-110005, pstmt-120007, rs-150008} query executed. 1.8567 millis. SELECT * FROM undo_log WHERE (id) in ( (?) ) 
2021-05-14 14:13:42.659 [http-nio-8080-exec-6] [:] DEBUG druid.sql.Statement - {conn-110005, pstmt-120006} clearParameters.  
2021-05-14 14:13:42.668 [http-nio-8080-exec-6] [:] DEBUG druid.sql.Statement - {conn-110005, pstmt-120008} created. INSERT INTO undo_log (branch_id, xid, context, rollback_info, log_status, log_created, log_modified) VALUES (?, ?, ?, ?, ?, now(6), now(6)) 
2021-05-14 14:13:42.669 [http-nio-8080-exec-6] [:] DEBUG druid.sql.Statement - {conn-110005, pstmt-120008} Parameters : [136472458282672128, 192.168.5.2:8091:136472453102706688, serializer=jackson, javax.sql.rowset.serial.SerialBlob@48e10c0d, 0] 
2021-05-14 14:13:42.669 [http-nio-8080-exec-6] [:] DEBUG druid.sql.Statement - {conn-110005, pstmt-120008} Types : [BIGINT, VARCHAR, VARCHAR, BLOB, INTEGER] 
2021-05-14 14:13:42.672 [http-nio-8080-exec-6] [:] DEBUG druid.sql.Statement - {conn-110005, pstmt-120008} update executed. effort 1. 3.0302 millis. INSERT INTO undo_log (branch_id, xid, context, rollback_info, log_status, log_created, log_modified) VALUES (?, ?, ?, ?, ?, now(6), now(6)) 
2021-05-14 14:13:42.672 [http-nio-8080-exec-6] [:] DEBUG druid.sql.Statement - {conn-110005, pstmt-120008} clearParameters.  
2021-05-14 14:13:42.676 [http-nio-8080-exec-6] [:] DEBUG druid.sql.Statement - {conn-110005, pstmt-120000} clearParameters.  
2021-05-14 14:13:42.676 [http-nio-8080-exec-6] [:] DEBUG druid.sql.Statement - {conn-110005, pstmt-120007} clearParameters.  
2021-05-14 14:13:43.865 [AsyncWorker_1_1] [:] DEBUG druid.sql.Statement - {conn-110005, pstmt-120009} created. DELETE FROM undo_log WHERE  branch_id IN  (?)  AND xid IN  (?)  
2021-05-14 14:13:43.866 [AsyncWorker_1_1] [:] DEBUG druid.sql.Statement - {conn-110005, pstmt-120009} Parameters : [136472458282672128, 192.168.5.2:8091:136472453102706688] 
2021-05-14 14:13:43.866 [AsyncWorker_1_1] [:] DEBUG druid.sql.Statement - {conn-110005, pstmt-120009} Types : [BIGINT, VARCHAR] 
2021-05-14 14:13:43.868 [AsyncWorker_1_1] [:] DEBUG druid.sql.Statement - {conn-110005, pstmt-120009} update executed. effort 1. 2.059 millis. DELETE FROM undo_log WHERE  branch_id IN  (?)  AND xid IN  (?)  
2021-05-14 14:13:43.868 [AsyncWorker_1_1] [:] DEBUG druid.sql.Statement - {conn-110005, pstmt-120009} clearParameters.  
2021-05-14 14:13:43.869 [AsyncWorker_1_1] [:] DEBUG druid.sql.Statement - {conn-10005, pstmt-20008} created. DELETE FROM undo_log WHERE  branch_id IN  (?,?,?)  AND xid IN  (?)  
2021-05-14 14:13:43.869 [AsyncWorker_1_1] [:] DEBUG druid.sql.Statement - {conn-10005, pstmt-20008} Parameters : [136472456701419520, 136472457544474624, 136472458161037312, 192.168.5.2:8091:136472453102706688] 
2021-05-14 14:13:43.869 [AsyncWorker_1_1] [:] DEBUG druid.sql.Statement - {conn-10005, pstmt-20008} Types : [BIGINT, BIGINT, BIGINT, VARCHAR] 
2021-05-14 14:13:43.871 [AsyncWorker_1_1] [:] DEBUG druid.sql.Statement - {conn-10005, pstmt-20008} update executed. effort 2. 1.4914 millis. DELETE FROM undo_log WHERE  branch_id IN  (?,?,?)  AND xid IN  (?)  
2021-05-14 14:13:43.871 [AsyncWorker_1_1] [:] DEBUG druid.sql.Statement - {conn-10005, pstmt-20008} clearParameters.  
