2021-05-14 10:36:55.049 [NettyClientSelector_RMROLE_1_1] [:] WARN  io.seata.common.loader.EnhancedServiceLoader$InnerEnhancedServiceLoader - Load [io.seata.serializer.hessian.HessianSerializer] class fail. com/caucho/hessian/io/AbstractHessianOutput 
2021-05-14 10:37:01.160 [SpringContextShutdownHook] [:] WARN  org.springframework.beans.factory.support.DisposableBeanAdapter - Invocation of destroy method failed on bean with name 'dataSource': java.lang.IllegalArgumentException: object is not an instance of declaring class 
2021-05-14 12:43:29.692 [NettyClientSelector_TMROLE_1_1] [:] WARN  io.netty.channel.DefaultChannelPipeline - An exceptionCaught() event was fired, and it reached at the tail of the pipeline. It usually means the last handler in the pipeline did not handle the exception. 
java.io.IOException: 远程主机强迫关闭了一个现有的连接。
	at sun.nio.ch.SocketDispatcher.read0(Native Method) ~[?:1.8.0_221]
	at sun.nio.ch.SocketDispatcher.read(SocketDispatcher.java:43) ~[?:1.8.0_221]
	at sun.nio.ch.IOUtil.readIntoNativeBuffer(IOUtil.java:223) ~[?:1.8.0_221]
	at sun.nio.ch.IOUtil.read(IOUtil.java:192) ~[?:1.8.0_221]
	at sun.nio.ch.SocketChannelImpl.read(SocketChannelImpl.java:380) ~[?:1.8.0_221]
	at io.netty.buffer.PooledByteBuf.setBytes(PooledByteBuf.java:253) ~[netty-all-4.1.51.Final.jar:4.1.51.Final]
	at io.netty.buffer.AbstractByteBuf.writeBytes(AbstractByteBuf.java:1133) ~[netty-all-4.1.51.Final.jar:4.1.51.Final]
	at io.netty.channel.socket.nio.NioSocketChannel.doReadBytes(NioSocketChannel.java:350) ~[netty-all-4.1.51.Final.jar:4.1.51.Final]
	at io.netty.channel.nio.AbstractNioByteChannel$NioByteUnsafe.read(AbstractNioByteChannel.java:148) ~[netty-all-4.1.51.Final.jar:4.1.51.Final]
	at io.netty.channel.nio.NioEventLoop.processSelectedKey(NioEventLoop.java:714) ~[netty-all-4.1.51.Final.jar:4.1.51.Final]
	at io.netty.channel.nio.NioEventLoop.processSelectedKeysOptimized(NioEventLoop.java:650) ~[netty-all-4.1.51.Final.jar:4.1.51.Final]
	at io.netty.channel.nio.NioEventLoop.processSelectedKeys(NioEventLoop.java:576) ~[netty-all-4.1.51.Final.jar:4.1.51.Final]
	at io.netty.channel.nio.NioEventLoop.run(NioEventLoop.java:493) ~[netty-all-4.1.51.Final.jar:4.1.51.Final]
	at io.netty.util.concurrent.SingleThreadEventExecutor$4.run(SingleThreadEventExecutor.java:989) ~[netty-all-4.1.51.Final.jar:4.1.51.Final]
	at io.netty.util.internal.ThreadExecutorMap$2.run(ThreadExecutorMap.java:74) ~[netty-all-4.1.51.Final.jar:4.1.51.Final]
	at io.netty.util.concurrent.FastThreadLocalRunnable.run(FastThreadLocalRunnable.java:30) ~[netty-all-4.1.51.Final.jar:4.1.51.Final]
	at java.lang.Thread.run(Thread.java:748) [?:1.8.0_221]
2021-05-14 12:43:29.694 [NettyClientSelector_RMROLE_1_1] [:] WARN  io.netty.channel.DefaultChannelPipeline - An exceptionCaught() event was fired, and it reached at the tail of the pipeline. It usually means the last handler in the pipeline did not handle the exception. 
java.io.IOException: 远程主机强迫关闭了一个现有的连接。
	at sun.nio.ch.SocketDispatcher.read0(Native Method) ~[?:1.8.0_221]
	at sun.nio.ch.SocketDispatcher.read(SocketDispatcher.java:43) ~[?:1.8.0_221]
	at sun.nio.ch.IOUtil.readIntoNativeBuffer(IOUtil.java:223) ~[?:1.8.0_221]
	at sun.nio.ch.IOUtil.read(IOUtil.java:192) ~[?:1.8.0_221]
	at sun.nio.ch.SocketChannelImpl.read(SocketChannelImpl.java:380) ~[?:1.8.0_221]
	at io.netty.buffer.PooledByteBuf.setBytes(PooledByteBuf.java:253) ~[netty-all-4.1.51.Final.jar:4.1.51.Final]
	at io.netty.buffer.AbstractByteBuf.writeBytes(AbstractByteBuf.java:1133) ~[netty-all-4.1.51.Final.jar:4.1.51.Final]
	at io.netty.channel.socket.nio.NioSocketChannel.doReadBytes(NioSocketChannel.java:350) ~[netty-all-4.1.51.Final.jar:4.1.51.Final]
	at io.netty.channel.nio.AbstractNioByteChannel$NioByteUnsafe.read(AbstractNioByteChannel.java:148) ~[netty-all-4.1.51.Final.jar:4.1.51.Final]
	at io.netty.channel.nio.NioEventLoop.processSelectedKey(NioEventLoop.java:714) ~[netty-all-4.1.51.Final.jar:4.1.51.Final]
	at io.netty.channel.nio.NioEventLoop.processSelectedKeysOptimized(NioEventLoop.java:650) ~[netty-all-4.1.51.Final.jar:4.1.51.Final]
	at io.netty.channel.nio.NioEventLoop.processSelectedKeys(NioEventLoop.java:576) ~[netty-all-4.1.51.Final.jar:4.1.51.Final]
	at io.netty.channel.nio.NioEventLoop.run(NioEventLoop.java:493) ~[netty-all-4.1.51.Final.jar:4.1.51.Final]
	at io.netty.util.concurrent.SingleThreadEventExecutor$4.run(SingleThreadEventExecutor.java:989) ~[netty-all-4.1.51.Final.jar:4.1.51.Final]
	at io.netty.util.internal.ThreadExecutorMap$2.run(ThreadExecutorMap.java:74) ~[netty-all-4.1.51.Final.jar:4.1.51.Final]
	at io.netty.util.concurrent.FastThreadLocalRunnable.run(FastThreadLocalRunnable.java:30) ~[netty-all-4.1.51.Final.jar:4.1.51.Final]
	at java.lang.Thread.run(Thread.java:748) [?:1.8.0_221]
